
| Loading Grails 2.2.1
| Configuring classpath
| Configuring classpath.
| Environment set to dataqa
| Environment set to dataqa.
| Environment set to dataqa..
| Environment set to dataqa...
| Environment set to dataqa....
| Environment set to dataqa.....
| Packaging Grails application
| Packaging Grails application.
| Packaging Grails application..
| Packaging Grails application...
| Packaging Grails application....
| Packaging Grails application.....
Overriding Config.groovy with /Users/xiaorong/.grails/MinAssayAnnotParser/MinAssayAnnotParser-commons-config.groovy
Overriding Config.groovy with /Users/xiaorong/.grails/MinAssayAnnotParser/MinAssayAnnotParser-dataqa-config.groovy
| Packaging Grails application
| Packaging Grails application.
| Packaging Grails application..
| Packaging Grails application...
| Packaging Grails application....
| Packaging Grails application.....
in build external term mapping
| Running script scripts/maas/LoadProjectContext.groovy ...
loading files from directory: data/maas/maasDataset2/ contains 29
loading 29 files found in 1 directories
No project associated with aid: 1480
No project associated with aid: 1483
No project associated with aid: 2757
No project associated with aid: 463227
No project associated with aid: 463228
No project associated with aid: 488818
No project associated with aid: 488829
No project associated with aid: 488987
No project associated with aid: 504425
No project associated with aid: 504426
No project associated with aid: 504463
No project associated with aid: 504473
No project associated with aid: 504479
No project associated with aid: 504481
No project associated with aid: 602175
No project associated with aid: 1910
Success Saved project 30 with aid 1971, # new contexts 2, # new ContextItem 4, # duplicate ContextItem 0
No project associated with aid: 2089
No project associated with aid: 2486
No project associated with aid: 434951
No project associated with aid: 488804
No project associated with aid: 488805
No project associated with aid: 488820
No project associated with aid: 488843
No project associated with aid: 493180
No project associated with aid: 493193
No project associated with aid: 493195
No project associated with aid: 493213
No project associated with aid: 493225
No project associated with aid: 493227
No project associated with aid: 493230
No project associated with aid: 493235
No project associated with aid: 493236
No project associated with aid: 493238
No project associated with aid: 493239
No project associated with aid: 493249
No project associated with aid: 504588
No project associated with aid: 504597
No project associated with aid: 1979
No project associated with aid: 2467
No project associated with aid: 434930
No project associated with aid: 488836
No project associated with aid: 488907
No project associated with aid: 488930
No project associated with aid: 488943
No project associated with aid: 2423
No project associated with aid: 434935
No project associated with aid: 488807
No project associated with aid: 488905
No project associated with aid: 488909
No project associated with aid: 488950
No project associated with aid: 493064
No project associated with aid: 493069
No project associated with aid: 493082
No project associated with aid: 493149
No project associated with aid: 504504
No project associated with aid: 2327
No project associated with aid: 434923
No project associated with aid: 488809
No project associated with aid: 488911
No project associated with aid: 488933
No project associated with aid: 493099
No project associated with aid: 493147
No project associated with aid: 504525
No project associated with aid: 2400
No project associated with aid: 434938
No project associated with aid: 504390
No project associated with aid: 2388
No project associated with aid: 434945
No project associated with aid: 2387
No project associated with aid: 434946
No project associated with aid: 488802
No project associated with aid: 488893
No project associated with aid: 488932
No project associated with aid: 488937
No project associated with aid: 493070
No project associated with aid: 493134
No project associated with aid: 493157
No project associated with aid: 504499
No project associated with aid: 493080
No project associated with aid: 493081
No project associated with aid: 493089
No project associated with aid: 493150
No project associated with aid: 504502
Success Saved project 34 with aid 2007, # new contexts 2, # new ContextItem 4, # duplicate ContextItem 0
No project associated with aid: 1554
Success Saved project 22 with aid 1674, # new contexts 2, # new ContextItem 6, # duplicate ContextItem 0
No project associated with aid: 1933
No project associated with aid: 1934
No project associated with aid: 1935
No project associated with aid: 1936
No project associated with aid: 2607
No project associated with aid: 2608
No project associated with aid: 2609
No project associated with aid: 2610
No project associated with aid: 2611
No project associated with aid: 2631
No project associated with aid: 2633
No project associated with aid: 2635
No project associated with aid: 493045
No project associated with aid: 493049
No project associated with aid: 493050
No project associated with aid: 493051
No project associated with aid: 493052
No project associated with aid: 493053
No project associated with aid: 493054
No project associated with aid: 493093
No project associated with aid: 540314
No project associated with aid: 540315
No project associated with aid: 540316
No project associated with aid: 540318
No project associated with aid: 2462
Success Saved project 35 with aid 2526, # new contexts 2, # new ContextItem 5, # duplicate ContextItem 0
No project associated with aid: 2765
No project associated with aid: 488858
No project associated with aid: 504345
No project associated with aid: 504347
No project associated with aid: 504413
No project associated with aid: 449754
No project associated with aid: 488898
No project associated with aid: 504344
No project associated with aid: 504403
No project associated with aid: 488934
No project associated with aid: 504365
No project associated with aid: 488948
No project associated with aid: 504346
No project associated with aid: 504354
No project associated with aid: 488897
No project associated with aid: 504359
No project associated with aid: 504360
No project associated with aid: 504392
No project associated with aid: 449755
No project associated with aid: 504343
No project associated with aid: 504348
No project associated with aid: 488885
No project associated with aid: 449761
No project associated with aid: 488902
No project associated with aid: 504353
No project associated with aid: 504405
No project associated with aid: 449757
No project associated with aid: 488891
No project associated with aid: 504342
No project associated with aid: 504409
No project associated with aid: 488914
No project associated with aid: 504356
No project associated with aid: 504415
No project associated with aid: 504407
No project associated with aid: 504412
No project associated with aid: 504523
No project associated with aid: 588683
No project associated with aid: 1885
Success Saved project 23 with aid 1968, # new contexts 2, # new ContextItem 5, # duplicate ContextItem 0
No project associated with aid: 2010
No project associated with aid: 2044
No project associated with aid: 2294
No project associated with aid: 2396
No project associated with aid: 2586
No project associated with aid: 2630
No project associated with aid: 2632
No project associated with aid: 2717
Success Saved project 40 with aid 2721, # new contexts 2, # new ContextItem 4, # duplicate ContextItem 0
No project associated with aid: 449748
No project associated with aid: 463074
No project associated with aid: 493176
No project associated with aid: 493196
No project associated with aid: 493196
No project associated with aid: 493197
No project associated with aid: 493247
No project associated with aid: 504623
No project associated with aid: 504788
No project associated with aid: 504789
No project associated with aid: 504789
No project associated with aid: 504859
No project associated with aid: 588840
No project associated with aid: 588844
No project associated with aid: 588844
No project associated with aid: 588845
No project associated with aid: 588845
No project associated with aid: 588846
No project associated with aid: 624255
Success Saved project 48 with aid 624280, # new contexts 2, # new ContextItem 5, # duplicate ContextItem 0
No project associated with aid: 435005
Success Saved project 37 with aid 435007, # new contexts 2, # new ContextItem 4, # duplicate ContextItem 0
No project associated with aid: 449756
No project associated with aid: 463206
No project associated with aid: 463229
No project associated with aid: 488844
No project associated with aid: 488848
No project associated with aid: 488864
No project associated with aid: 488866
No project associated with aid: 488867
No project associated with aid: 488868
No project associated with aid: 488870
No project associated with aid: 488931
No project associated with aid: 488936
No project associated with aid: 488945
No project associated with aid: 488951
No project associated with aid: 624255
Success Saved project 48 with aid 624280, # new contexts 0, # new ContextItem 0, # duplicate ContextItem 2
No project associated with aid: 588436
Success Saved project 49 with aid 588521, # new contexts 2, # new ContextItem 4, # duplicate ContextItem 0
No project associated with aid: 602243
No project associated with aid: 624140
No project associated with aid: 624254
No project associated with aid: 588436
Success Saved project 49 with aid 588521, # new contexts 0, # new ContextItem 0, # duplicate ContextItem 4
No project associated with aid: 602243
No project associated with aid: 624140
No project associated with aid: 624254
No project associated with aid: 588436
Success Saved project 49 with aid 588521, # new contexts 0, # new ContextItem 0, # duplicate ContextItem 4
No project associated with aid: 602243
No project associated with aid: 624140
No project associated with aid: 624254
No project associated with aid: 485273
Success Saved project 28 with aid 485343, # new contexts 2, # new ContextItem 5, # duplicate ContextItem 0
No project associated with aid: 488859
No project associated with aid: 493155
No project associated with aid: 493182
No project associated with aid: 504687
No project associated with aid: 1961
Success Saved project 13 with aid 1965, # new contexts 0, # new ContextItem 2, # duplicate ContextItem 0
No project associated with aid: 2013
Success Saved project 18 with aid 2026, # new contexts 0, # new ContextItem 2, # duplicate ContextItem 0
No project associated with aid: 2058
Success Saved project 15 with aid 2079, # new contexts 0, # new ContextItem 2, # duplicate ContextItem 0
No project associated with aid: 2338
No project associated with aid: 2339
No project associated with aid: 2340
No project associated with aid: 2341
No project associated with aid: 2347
No project associated with aid: 2397
No project associated with aid: 2480
No project associated with aid: 2809
No project associated with aid: 2814
No project associated with aid: 2815
No project associated with aid: 2820
No project associated with aid: 2822
No project associated with aid: 2835
No project associated with aid: 2836
No project associated with aid: 2843
No project associated with aid: 2844
No project associated with aid: 434922
No project associated with aid: 434924
No project associated with aid: 434925
No project associated with aid: 434928
No project associated with aid: 434929
No project associated with aid: 463192
No project associated with aid: 463201
No project associated with aid: 463202
No project associated with aid: 463217
No project associated with aid: 463227
No project associated with aid: 463228
No project associated with aid: 485277
No project associated with aid: 485278
No project associated with aid: 485279
No project associated with aid: 485282
No project associated with aid: 485283
No project associated with aid: 485285
No project associated with aid: 485286
No project associated with aid: 485287
No project associated with aid: 485273
Success Saved project 28 with aid 485343, # new contexts 0, # new ContextItem 0, # duplicate ContextItem 2
No project associated with aid: 488856
No project associated with aid: 488859
No project associated with aid: 493155
No project associated with aid: 493182
No project associated with aid: 504680
No project associated with aid: 504685
No project associated with aid: 504687
No project associated with aid: 504689
No project associated with aid: 588375
No project associated with aid: 588376
No project associated with aid: 588390
No project associated with aid: 602205
No project associated with aid: 602206
No project associated with aid: 602207
No project associated with aid: 602400
No project associated with aid: 602401
No project associated with aid: 602404
No project associated with aid: 1778
Success Saved project 14 with aid 1785, # new contexts 0, # new ContextItem 2, # duplicate ContextItem 0
No project associated with aid: 1966
No project associated with aid: 2136
No project associated with aid: 2285
No project associated with aid: 2348
No project associated with aid: 2356
No project associated with aid: 2357
No project associated with aid: 2420
No project associated with aid: 2478
No project associated with aid: 2491
No project associated with aid: 2495
No project associated with aid: 2498
No project associated with aid: 2520
No project associated with aid: 2521
Success Saved project 39 with aid 2569, # new contexts 0, # new ContextItem 2, # duplicate ContextItem 0
Success Saved project 38 with aid 2580, # new contexts 0, # new ContextItem 2, # duplicate ContextItem 0
No project associated with aid: 2764
No project associated with aid: 2766
No project associated with aid: 2784
No project associated with aid: 434981
No project associated with aid: 463105
No project associated with aid: 463109
No project associated with aid: 463214
No project associated with aid: 485352
No project associated with aid: 488748
No project associated with aid: 488803
No project associated with aid: 488810
No project associated with aid: 488811
No project associated with aid: 488819
No project associated with aid: 488826
No project associated with aid: 488831
No project associated with aid: 488842
No project associated with aid: 488865
No project associated with aid: 488881
No project associated with aid: 488925
No project associated with aid: 488935
No project associated with aid: 488985
No project associated with aid: 488986
No project associated with aid: 488992
No project associated with aid: 488994
No project associated with aid: 492982
No project associated with aid: 492984
No project associated with aid: 492985
No project associated with aid: 492986
No project associated with aid: 493183
No project associated with aid: 493202
No project associated with aid: 504436
No project associated with aid: 504438
No project associated with aid: 504524
No project associated with aid: 504532
No project associated with aid: 504690
Success Saved project 46 with aid 504696, # new contexts 0, # new ContextItem 2, # duplicate ContextItem 0
No project associated with aid: 504753
No project associated with aid: 504765
No project associated with aid: 504792
No project associated with aid: 504862
No project associated with aid: 504863
No project associated with aid: 540252
No project associated with aid: 540269
No project associated with aid: 588414
No project associated with aid: 588415
No project associated with aid: 588588
No project associated with aid: 588593
No project associated with aid: 588671
No project associated with aid: 588672
No project associated with aid: 602130
No project associated with aid: 602131
No project associated with aid: 602132
No project associated with aid: 602133
No project associated with aid: 602423
No project associated with aid: 602424
No project associated with aid: 602425
No project associated with aid: 488947
No project associated with aid: 488987
No project associated with aid: 1961
Success Saved project 13 with aid 1965, # new contexts 0, # new ContextItem 0, # duplicate ContextItem 2
No project associated with aid: 2013
Success Saved project 18 with aid 2026, # new contexts 0, # new ContextItem 0, # duplicate ContextItem 2
No project associated with aid: 2058
Success Saved project 15 with aid 2079, # new contexts 0, # new ContextItem 0, # duplicate ContextItem 2
No project associated with aid: 2338
No project associated with aid: 2339
No project associated with aid: 2340
No project associated with aid: 2341
No project associated with aid: 2347
No project associated with aid: 2397
No project associated with aid: 2480
No project associated with aid: 2809
No project associated with aid: 2814
No project associated with aid: 2815
No project associated with aid: 2820
No project associated with aid: 2822
No project associated with aid: 2835
No project associated with aid: 2836
No project associated with aid: 2843
No project associated with aid: 2844
No project associated with aid: 434922
No project associated with aid: 434924
No project associated with aid: 434925
No project associated with aid: 434928
No project associated with aid: 434929
No project associated with aid: 463192
No project associated with aid: 463201
No project associated with aid: 463202
No project associated with aid: 463217
No project associated with aid: 463227
No project associated with aid: 463228
No project associated with aid: 485277
No project associated with aid: 485278
No project associated with aid: 485279
No project associated with aid: 485282
No project associated with aid: 485283
No project associated with aid: 485285
No project associated with aid: 485286
No project associated with aid: 485287
No project associated with aid: 488947
No project associated with aid: 488987
No project associated with aid: 485273
Success Saved project 28 with aid 485343, # new contexts 0, # new ContextItem 0, # duplicate ContextItem 2
No project associated with aid: 488856
No project associated with aid: 488859
No project associated with aid: 493155
No project associated with aid: 493182
No project associated with aid: 504680
No project associated with aid: 504685
No project associated with aid: 504687
No project associated with aid: 504689
No project associated with aid: 588375
No project associated with aid: 588376
No project associated with aid: 588390
No project associated with aid: 602205
No project associated with aid: 602206
No project associated with aid: 602207
No project associated with aid: 602400
No project associated with aid: 602401
No project associated with aid: 602404
No project associated with aid: 1778
Success Saved project 14 with aid 1785, # new contexts 0, # new ContextItem 0, # duplicate ContextItem 2
No project associated with aid: 1966
No project associated with aid: 2136
No project associated with aid: 2285
No project associated with aid: 2348
No project associated with aid: 2356
No project associated with aid: 2357
No project associated with aid: 2420
No project associated with aid: 2478
No project associated with aid: 2491
No project associated with aid: 2495
No project associated with aid: 2498
No project associated with aid: 2520
No project associated with aid: 2521
Success Saved project 39 with aid 2569, # new contexts 0, # new ContextItem 0, # duplicate ContextItem 2
Success Saved project 38 with aid 2580, # new contexts 0, # new ContextItem 0, # duplicate ContextItem 2
No project associated with aid: 2764
No project associated with aid: 2766
No project associated with aid: 2784
No project associated with aid: 434981
No project associated with aid: 463105
No project associated with aid: 463109
No project associated with aid: 463214
No project associated with aid: 485352
No project associated with aid: 488748
No project associated with aid: 488803
No project associated with aid: 488810
No project associated with aid: 488811
No project associated with aid: 488819
No project associated with aid: 488826
No project associated with aid: 488831
No project associated with aid: 488842
No project associated with aid: 488865
No project associated with aid: 488881
No project associated with aid: 488925
No project associated with aid: 488935
No project associated with aid: 488985
No project associated with aid: 488986
No project associated with aid: 488992
No project associated with aid: 488994
No project associated with aid: 492982
No project associated with aid: 492984
No project associated with aid: 492985
No project associated with aid: 492986
No project associated with aid: 493183
No project associated with aid: 493202
No project associated with aid: 504436
No project associated with aid: 504438
No project associated with aid: 504524
No project associated with aid: 504532
No project associated with aid: 504690
Success Saved project 46 with aid 504696, # new contexts 0, # new ContextItem 0, # duplicate ContextItem 2
No project associated with aid: 504753
No project associated with aid: 504765
No project associated with aid: 504792
No project associated with aid: 504862
No project associated with aid: 504863
No project associated with aid: 540252
No project associated with aid: 540269
No project associated with aid: 588414
No project associated with aid: 588415
No project associated with aid: 588588
No project associated with aid: 588593
No project associated with aid: 588671
No project associated with aid: 588672
No project associated with aid: 602130
No project associated with aid: 602131
No project associated with aid: 602132
No project associated with aid: 602133
No project associated with aid: 602423
No project associated with aid: 602424
No project associated with aid: 602425
No project associated with aid: 1961
Success Saved project 13 with aid 1965, # new contexts 0, # new ContextItem 0, # duplicate ContextItem 2
No project associated with aid: 2013
Success Saved project 18 with aid 2026, # new contexts 0, # new ContextItem 0, # duplicate ContextItem 2
No project associated with aid: 2058
Success Saved project 15 with aid 2079, # new contexts 0, # new ContextItem 0, # duplicate ContextItem 2
No project associated with aid: 2338
No project associated with aid: 2339
No project associated with aid: 2340
No project associated with aid: 2341
No project associated with aid: 2347
No project associated with aid: 2397
No project associated with aid: 2480
No project associated with aid: 2809
No project associated with aid: 2814
No project associated with aid: 2815
No project associated with aid: 2820
No project associated with aid: 2822
No project associated with aid: 2835
No project associated with aid: 2836
No project associated with aid: 2843
No project associated with aid: 2844
No project associated with aid: 434922
No project associated with aid: 434924
No project associated with aid: 434925
No project associated with aid: 434928
No project associated with aid: 434929
No project associated with aid: 463192
No project associated with aid: 463201
No project associated with aid: 463202
No project associated with aid: 463217
No project associated with aid: 463227
No project associated with aid: 463228
No project associated with aid: 485277
No project associated with aid: 485278
No project associated with aid: 485279
No project associated with aid: 485282
No project associated with aid: 485283
No project associated with aid: 485285
No project associated with aid: 485286
No project associated with aid: 485287
No project associated with aid: 488947
No project associated with aid: 488987
No project associated with aid: 485273
Success Saved project 28 with aid 485343, # new contexts 0, # new ContextItem 0, # duplicate ContextItem 2
No project associated with aid: 488856
No project associated with aid: 488859
No project associated with aid: 493155
No project associated with aid: 493182
No project associated with aid: 504680
No project associated with aid: 504685
No project associated with aid: 504687
No project associated with aid: 504689
No project associated with aid: 588375
No project associated with aid: 588376
No project associated with aid: 588390
No project associated with aid: 602205
No project associated with aid: 602206
No project associated with aid: 602207
No project associated with aid: 602400
No project associated with aid: 602401
No project associated with aid: 602404
No project associated with aid: 1778
Success Saved project 14 with aid 1785, # new contexts 0, # new ContextItem 0, # duplicate ContextItem 2
No project associated with aid: 1966
No project associated with aid: 2136
No project associated with aid: 2285
No project associated with aid: 2348
No project associated with aid: 2356
No project associated with aid: 2357
No project associated with aid: 2420
No project associated with aid: 2478
No project associated with aid: 2491
No project associated with aid: 2495
No project associated with aid: 2498
No project associated with aid: 2520
No project associated with aid: 2521
Success Saved project 39 with aid 2569, # new contexts 0, # new ContextItem 0, # duplicate ContextItem 2
Success Saved project 38 with aid 2580, # new contexts 0, # new ContextItem 0, # duplicate ContextItem 2
No project associated with aid: 2764
No project associated with aid: 2766
No project associated with aid: 2784
No project associated with aid: 434981
No project associated with aid: 463105
No project associated with aid: 463109
No project associated with aid: 463214
No project associated with aid: 485352
No project associated with aid: 488748
No project associated with aid: 488803
No project associated with aid: 488810
No project associated with aid: 488811
No project associated with aid: 488819
No project associated with aid: 488826
No project associated with aid: 488831
No project associated with aid: 488842
No project associated with aid: 488865
No project associated with aid: 488881
No project associated with aid: 488925
No project associated with aid: 488935
No project associated with aid: 488985
No project associated with aid: 488986
No project associated with aid: 488992
No project associated with aid: 488994
No project associated with aid: 492982
No project associated with aid: 492984
No project associated with aid: 492985
No project associated with aid: 492986
No project associated with aid: 493183
No project associated with aid: 493202
No project associated with aid: 504436
No project associated with aid: 504438
No project associated with aid: 504524
No project associated with aid: 504532
No project associated with aid: 504690
Success Saved project 46 with aid 504696, # new contexts 0, # new ContextItem 0, # duplicate ContextItem 2
No project associated with aid: 504753
No project associated with aid: 504765
No project associated with aid: 504792
No project associated with aid: 504862
No project associated with aid: 504863
No project associated with aid: 540252
No project associated with aid: 540269
No project associated with aid: 588414
No project associated with aid: 588415
No project associated with aid: 588588
No project associated with aid: 588593
No project associated with aid: 588671
No project associated with aid: 588672
No project associated with aid: 602130
No project associated with aid: 602131
No project associated with aid: 602132
No project associated with aid: 602133
No project associated with aid: 602423
No project associated with aid: 602424
No project associated with aid: 602425
No project associated with aid: 434922
No project associated with aid: 434924
No project associated with aid: 434925
No project associated with aid: 504524
No project associated with aid: 1458
Success Saved project 9 with aid 1474, # new contexts 0, # new ContextItem 2, # duplicate ContextItem 0
No project associated with aid: 1733
No project associated with aid: 1739
No project associated with aid: 1740
No project associated with aid: 2513
No project associated with aid: 2514
No project associated with aid: 2515
No project associated with aid: 488821
No project associated with aid: 488832
No project associated with aid: 488838
No project associated with aid: 504776
No project associated with aid: 504777
No project associated with aid: 504778
No project associated with aid: 504779
No project associated with aid: 489038
No project associated with aid: 489039
No project associated with aid: 2546
No project associated with aid: 2551
Success Saved project 10 with aid 2604, # new contexts 0, # new ContextItem 2, # duplicate ContextItem 0
No project associated with aid: 2762
No project associated with aid: 2763
No project associated with aid: 489036
No project associated with aid: 489037
No project associated with aid: 492954
No project associated with aid: 492962
No project associated with aid: 1766
No project associated with aid: 1768
Success Saved project 16 with aid 2076, # new contexts 0, # new ContextItem 2, # duplicate ContextItem 0
No project associated with aid: 2781
No project associated with aid: 504585
No project associated with aid: 2778
No project associated with aid: 2782
No project associated with aid: 2783
No project associated with aid: 504537
No project associated with aid: 504613
No project associated with aid: 2634
No project associated with aid: 2639
No project associated with aid: 2628
No project associated with aid: 2628
No project associated with aid: 504370
No project associated with aid: 504371
No project associated with aid: 1477
Success Saved project 21 with aid 1484, # new contexts 0, # new ContextItem 2, # duplicate ContextItem 0
No project associated with aid: 504373
No project associated with aid: 504374
No project associated with aid: 504375
No project associated with aid: 504378
No project associated with aid: 504386
No project associated with aid: 2101
No project associated with aid: 540361
No project associated with aid: 2107
No project associated with aid: 2109
No project associated with aid: 2115
No project associated with aid: 540341
No project associated with aid: 1466
Success Saved project 24 with aid 1473, # new contexts 0, # new ContextItem 2, # duplicate ContextItem 0
No project associated with aid: 2100
No project associated with aid: 2110
No project associated with aid: 2111
No project associated with aid: 2112
No project associated with aid: 2113
No project associated with aid: 2242
No project associated with aid: 2293
No project associated with aid: 602122
No project associated with aid: 1540
No project associated with aid: 1631
No project associated with aid: 1751
Success Saved project 25 with aid 2095, # new contexts 0, # new ContextItem 2, # duplicate ContextItem 0
No project associated with aid: 2533
No project associated with aid: 2536
No project associated with aid: 2576
No project associated with aid: 2620
No project associated with aid: 2534
No project associated with aid: 2535
No project associated with aid: 2562
No project associated with aid: 2625
No project associated with aid: 2653
No project associated with aid: 1471
Success Saved project 26 with aid 1482, # new contexts 0, # new ContextItem 2, # duplicate ContextItem 0
No project associated with aid: 1688
No project associated with aid: 2669
No project associated with aid: 2672
No project associated with aid: 2673
No project associated with aid: 2713
No project associated with aid: 1519
No project associated with aid: 1547
No project associated with aid: 1561
No project associated with aid: 1569
Success Saved project 27 with aid 1623, # new contexts 0, # new ContextItem 2, # duplicate ContextItem 0
No project associated with aid: 2685
No project associated with aid: 488900
No project associated with aid: 488908
No project associated with aid: 488913
No project associated with aid: 492960
No project associated with aid: 504432
No project associated with aid: 504433
No project associated with aid: 504434
No project associated with aid: 1705
No project associated with aid: 1707
No project associated with aid: 1708
Success Saved project 29 with aid 2324, # new contexts 0, # new ContextItem 2, # duplicate ContextItem 0
No project associated with aid: 2517
No project associated with aid: 2564
No project associated with aid: 2565
No project associated with aid: 2572
No project associated with aid: 2573
No project associated with aid: 2741
No project associated with aid: 488940
No project associated with aid: 504595
No project associated with aid: 504603
No project associated with aid: 504618
No project associated with aid: 504624
No project associated with aid: 504643
No project associated with aid: 2587
No project associated with aid: 2588
No project associated with aid: 2589
No project associated with aid: 2590
No project associated with aid: 2592
Success Saved project 31 with aid 2593, # new contexts 0, # new ContextItem 2, # duplicate ContextItem 0
No project associated with aid: 2595
No project associated with aid: 2596
No project associated with aid: 2597
No project associated with aid: 2613
No project associated with aid: 2671
No project associated with aid: 488845
No project associated with aid: 488849
No project associated with aid: 488850
No project associated with aid: 488851
No project associated with aid: 488852
No project associated with aid: 488853
No project associated with aid: 488854
No project associated with aid: 504745
No project associated with aid: 504746
No project associated with aid: 504747
No project associated with aid: 504748
No project associated with aid: 2578
No project associated with aid: 488846
No project associated with aid: 2577
No project associated with aid: 488834
No project associated with aid: 2323
Success Saved project 36 with aid 2385, # new contexts 0, # new ContextItem 2, # duplicate ContextItem 0
No project associated with aid: 485281
No project associated with aid: 489008
No project associated with aid: 624122
No project associated with aid: 2147
Success Saved project 41 with aid 2421, # new contexts 0, # new ContextItem 2, # duplicate ContextItem 0
No project associated with aid: 2677
No project associated with aid: 2680
No project associated with aid: 2688
No project associated with aid: 493212
No project associated with aid: 2364
Success Saved project 42 with aid 2386, # new contexts 0, # new ContextItem 2, # duplicate ContextItem 0
No project associated with aid: 2528
No project associated with aid: 2585
No project associated with aid: 2712
No project associated with aid: 504736
No project associated with aid: 504737
No project associated with aid: 504738
No project associated with aid: 504739
No project associated with aid: 504740
No project associated with aid: 504741
No project associated with aid: 485344
Success Saved project 43 with aid 485359, # new contexts 0, # new ContextItem 2, # duplicate ContextItem 0
No project associated with aid: 624453
No project associated with aid: 624455
No project associated with aid: 624459
No project associated with aid: 624461
No project associated with aid: 488980
Success Saved project 44 with aid 488990, # new contexts 0, # new ContextItem 2, # duplicate ContextItem 0
No project associated with aid: 504379
No project associated with aid: 504387
No project associated with aid: 504812
No project associated with aid: 504380
No project associated with aid: 504385
No project associated with aid: 504384
No project associated with aid: 504865
Success Saved project 45 with aid 504878, # new contexts 0, # new ContextItem 2, # duplicate ContextItem 0
No project associated with aid: 540327
No project associated with aid: 624341
No project associated with aid: 624345
No project associated with aid: 624346
Success Saved project 51 with aid 488774, # new contexts 0, # new ContextItem 2, # duplicate ContextItem 0
No project associated with aid: 504832
No project associated with aid: 504834
No project associated with aid: 624206
No project associated with aid: 624328
No project associated with aid: 624329
No project associated with aid: 624332
No project associated with aid: 624335
No project associated with aid: 624336
No project associated with aid: 624337
No project associated with aid: 435005
No project associated with aid: 449756
No project associated with aid: 463206
No project associated with aid: 463229
No project associated with aid: 488844
No project associated with aid: 488848
No project associated with aid: 488864
No project associated with aid: 488866
No project associated with aid: 488867
No project associated with aid: 488868
No project associated with aid: 488870
No project associated with aid: 488931
No project associated with aid: 488936
No project associated with aid: 488945
No project associated with aid: 488951
No project associated with aid: 504325
No project associated with aid: 504449
No project associated with aid: 504450
No project associated with aid: 504533
No project associated with aid: 504535
No project associated with aid: 504666
No project associated with aid: 504667
No project associated with aid: 493226
No project associated with aid: 588702
No project associated with aid: 588703
No project associated with aid: 588705
No project associated with aid: 588704
No project associated with aid: 1961
Success Saved project 13 with aid 1965, # new contexts 0, # new ContextItem 0, # duplicate ContextItem 2
No project associated with aid: 2013
Success Saved project 18 with aid 2026, # new contexts 0, # new ContextItem 0, # duplicate ContextItem 2
No project associated with aid: 2058
Success Saved project 15 with aid 2079, # new contexts 0, # new ContextItem 0, # duplicate ContextItem 2
No project associated with aid: 2338
No project associated with aid: 2339
No project associated with aid: 2340
No project associated with aid: 2341
No project associated with aid: 2347
No project associated with aid: 2397
No project associated with aid: 2480
No project associated with aid: 2809
No project associated with aid: 2814
No project associated with aid: 2815
No project associated with aid: 2820
No project associated with aid: 2822
No project associated with aid: 2835
No project associated with aid: 2836
No project associated with aid: 2843
No project associated with aid: 2844
No project associated with aid: 434922
No project associated with aid: 434924
No project associated with aid: 434925
No project associated with aid: 434928
No project associated with aid: 434929
No project associated with aid: 463192
No project associated with aid: 463201
No project associated with aid: 463202
No project associated with aid: 463217
No project associated with aid: 463227
No project associated with aid: 463228
No project associated with aid: 485277
No project associated with aid: 485278
No project associated with aid: 485279
No project associated with aid: 485282
No project associated with aid: 485283
No project associated with aid: 485285
No project associated with aid: 485286
No project associated with aid: 485287
No project associated with aid: 488947
No project associated with aid: 488987
No project associated with aid: 485273
Success Saved project 28 with aid 485343, # new contexts 0, # new ContextItem 0, # duplicate ContextItem 2
No project associated with aid: 488856
No project associated with aid: 488859
No project associated with aid: 493155
No project associated with aid: 493182
No project associated with aid: 504680
No project associated with aid: 504685
No project associated with aid: 504687
No project associated with aid: 504689
No project associated with aid: 588375
No project associated with aid: 588376
No project associated with aid: 588390
No project associated with aid: 602205
No project associated with aid: 602206
No project associated with aid: 602207
No project associated with aid: 602400
No project associated with aid: 602401
No project associated with aid: 602404
No project associated with aid: 2520
No project associated with aid: 2521
Success Saved project 39 with aid 2569, # new contexts 0, # new ContextItem 0, # duplicate ContextItem 2
Success Saved project 38 with aid 2580, # new contexts 0, # new ContextItem 0, # duplicate ContextItem 2
No project associated with aid: 2764
No project associated with aid: 2766
No project associated with aid: 2784
No project associated with aid: 463109
No project associated with aid: 463214
No project associated with aid: 485352
No project associated with aid: 488748
No project associated with aid: 488803
No project associated with aid: 488810
No project associated with aid: 488811
No project associated with aid: 488865
No project associated with aid: 488881
No project associated with aid: 488985
No project associated with aid: 488986
No project associated with aid: 488992
No project associated with aid: 488994
No project associated with aid: 492982
No project associated with aid: 492984
No project associated with aid: 492985
No project associated with aid: 492986
No project associated with aid: 493183
No project associated with aid: 493202
No project associated with aid: 504436
No project associated with aid: 504438
No project associated with aid: 504532
No project associated with aid: 1778
Success Saved project 14 with aid 1785, # new contexts 0, # new ContextItem 0, # duplicate ContextItem 2
No project associated with aid: 1966
No project associated with aid: 2136
No project associated with aid: 2285
No project associated with aid: 2348
No project associated with aid: 2356
No project associated with aid: 2357
No project associated with aid: 2420
No project associated with aid: 2478
No project associated with aid: 2491
No project associated with aid: 2495
No project associated with aid: 2498
No project associated with aid: 434981
No project associated with aid: 463105
No project associated with aid: 488819
No project associated with aid: 488826
No project associated with aid: 488831
No project associated with aid: 488842
No project associated with aid: 488925
No project associated with aid: 488935
No project associated with aid: 504690
Success Saved project 46 with aid 504696, # new contexts 0, # new ContextItem 0, # duplicate ContextItem 2
No project associated with aid: 504753
No project associated with aid: 504765
No project associated with aid: 504792
No project associated with aid: 504862
No project associated with aid: 504863
No project associated with aid: 540252
No project associated with aid: 540269
No project associated with aid: 588414
No project associated with aid: 588415
No project associated with aid: 588588
No project associated with aid: 588593
No project associated with aid: 588671
No project associated with aid: 588672
No project associated with aid: 602130
No project associated with aid: 602131
No project associated with aid: 602132
No project associated with aid: 602133
No project associated with aid: 602423
No project associated with aid: 602424
No project associated with aid: 602425
No project associated with aid: 504690
No project associated with aid: 485273
Success Saved project 28 with aid 485343, # new contexts 0, # new ContextItem 0, # duplicate ContextItem 2
No project associated with aid: 488856
No project associated with aid: 488859
No project associated with aid: 493155
No project associated with aid: 493182
No project associated with aid: 504680
No project associated with aid: 504685
No project associated with aid: 504687
No project associated with aid: 504689
No project associated with aid: 588375
No project associated with aid: 588376
No project associated with aid: 588390
No project associated with aid: 602205
No project associated with aid: 602206
No project associated with aid: 602207
No project associated with aid: 602400
No project associated with aid: 602401
No project associated with aid: 602404
No project associated with aid: 1778
Success Saved project 14 with aid 1785, # new contexts 0, # new ContextItem 0, # duplicate ContextItem 2
No project associated with aid: 1966
No project associated with aid: 2136
No project associated with aid: 2285
No project associated with aid: 2348
No project associated with aid: 2356
No project associated with aid: 2357
No project associated with aid: 2420
No project associated with aid: 2478
No project associated with aid: 2491
No project associated with aid: 2495
No project associated with aid: 2498
No project associated with aid: 2520
No project associated with aid: 2521
Success Saved project 39 with aid 2569, # new contexts 0, # new ContextItem 0, # duplicate ContextItem 2
Success Saved project 38 with aid 2580, # new contexts 0, # new ContextItem 0, # duplicate ContextItem 2
No project associated with aid: 2764
No project associated with aid: 2766
No project associated with aid: 2784
No project associated with aid: 434981
No project associated with aid: 463105
No project associated with aid: 463109
No project associated with aid: 463214
No project associated with aid: 485352
No project associated with aid: 488748
No project associated with aid: 488803
No project associated with aid: 488810
No project associated with aid: 488811
No project associated with aid: 488819
No project associated with aid: 488826
No project associated with aid: 488831
No project associated with aid: 488842
No project associated with aid: 488865
No project associated with aid: 488881
No project associated with aid: 488925
No project associated with aid: 488935
No project associated with aid: 488985
No project associated with aid: 488986
No project associated with aid: 488992
No project associated with aid: 488994
No project associated with aid: 492982
No project associated with aid: 492984
No project associated with aid: 492985
No project associated with aid: 492986
No project associated with aid: 493183
No project associated with aid: 493202
No project associated with aid: 504436
No project associated with aid: 504438
No project associated with aid: 504524
No project associated with aid: 504532
No project associated with aid: 504690
Success Saved project 46 with aid 504696, # new contexts 0, # new ContextItem 0, # duplicate ContextItem 2
No project associated with aid: 504753
No project associated with aid: 504765
No project associated with aid: 504792
No project associated with aid: 504862
No project associated with aid: 504863
No project associated with aid: 540252
No project associated with aid: 540269
No project associated with aid: 588414
No project associated with aid: 588415
No project associated with aid: 588588
No project associated with aid: 588593
No project associated with aid: 588671
No project associated with aid: 588672
No project associated with aid: 602130
No project associated with aid: 602131
No project associated with aid: 602132
No project associated with aid: 602133
No project associated with aid: 602423
No project associated with aid: 602424
No project associated with aid: 602425
No project associated with aid: 2013
Success Saved project 18 with aid 2026, # new contexts 0, # new ContextItem 0, # duplicate ContextItem 2
No project associated with aid: 2820
No project associated with aid: 2809
No project associated with aid: 485286
No project associated with aid: 2814
No project associated with aid: 485282
No project associated with aid: 2835
No project associated with aid: 485277
No project associated with aid: 488947
No project associated with aid: 2822
No project associated with aid: 485285
No project associated with aid: 2836
No project associated with aid: 485278
No project associated with aid: 2815
No project associated with aid: 485283
No project associated with aid: 485287
No project associated with aid: 2058
Success Saved project 15 with aid 2079, # new contexts 0, # new ContextItem 0, # duplicate ContextItem 2
No project associated with aid: 2338
No project associated with aid: 2480
No project associated with aid: 2815
No project associated with aid: 463227
No project associated with aid: 463202
No project associated with aid: 463217
No project associated with aid: 488987
No project associated with aid: 2397
No project associated with aid: 463228
No project associated with aid: 463201
No project associated with aid: 1961
Success Saved project 13 with aid 1965, # new contexts 0, # new ContextItem 0, # duplicate ContextItem 2
No project associated with aid: 2340
No project associated with aid: 434924
No project associated with aid: 2341
No project associated with aid: 2844
No project associated with aid: 434928
No project associated with aid: 485279
No project associated with aid: 463192
No project associated with aid: 2347
No project associated with aid: 2843
No project associated with aid: 2339
No project associated with aid: 434929
No project associated with aid: 434922
No project associated with aid: 2338
No project associated with aid: 434925
No project associated with aid: 488856
No project associated with aid: 504680
No project associated with aid: 588375
Success Saved project 16 with aid 2076, # new contexts 2, # new ContextItem 3, # duplicate ContextItem 2
No project associated with aid: 1766
No project associated with aid: 1768
No project associated with aid: 2783
No project associated with aid: 504537
No project associated with aid: 2778
No project associated with aid: 2781
No project associated with aid: 504585
No project associated with aid: 2782
No project associated with aid: 2517
No project associated with aid: 488940
No project associated with aid: 504595
No project associated with aid: 504603
No project associated with aid: 504624
No project associated with aid: 504643
No project associated with aid: 504618
No project associated with aid: 1705
Success Saved project 29 with aid 2324, # new contexts 2, # new ContextItem 3, # duplicate ContextItem 2
No project associated with aid: 2572
No project associated with aid: 2573
No project associated with aid: 2364
Success Saved project 42 with aid 2386, # new contexts 2, # new ContextItem 3, # duplicate ContextItem 2
No project associated with aid: 2528
No project associated with aid: 2585
No project associated with aid: 2712
No project associated with aid: 504738
No project associated with aid: 504736
No project associated with aid: 504737
No project associated with aid: 504740
No project associated with aid: 504741
No project associated with aid: 504739
No project associated with aid: 504865
Success Saved project 45 with aid 504878, # new contexts 2, # new ContextItem 3, # duplicate ContextItem 2
No project associated with aid: 540327
No project associated with aid: 624346
No project associated with aid: 624341
No project associated with aid: 1631
No project associated with aid: 1751
Success Saved project 25 with aid 2095, # new contexts 2, # new ContextItem 2, # duplicate ContextItem 2
No project associated with aid: 1540
No project associated with aid: 2533
No project associated with aid: 2536
No project associated with aid: 2576
No project associated with aid: 2620
No project associated with aid: 2534
No project associated with aid: 2535
No project associated with aid: 2562
No project associated with aid: 2625
No project associated with aid: 2653
Success Saved project 27 with aid 1623, # new contexts 2, # new ContextItem 2, # duplicate ContextItem 2
No project associated with aid: 1519
No project associated with aid: 1547
No project associated with aid: 1561
No project associated with aid: 1569
No project associated with aid: 2685
No project associated with aid: 488900
No project associated with aid: 488908
No project associated with aid: 488913
No project associated with aid: 492960
No project associated with aid: 504432
No project associated with aid: 504433
No project associated with aid: 504434
No project associated with aid: 588710
No project associated with aid: 588715
No project associated with aid: 588728
No project associated with aid: 588730
No project associated with aid: 588731
No project associated with aid: 588732
No project associated with aid: 588733
No project associated with aid: 588734
No project associated with aid: 588735
No project associated with aid: 588736
No project associated with aid: 588737
No project associated with aid: 602143
No project associated with aid: 602144
No project associated with aid: 602147
No project associated with aid: 602149
No project associated with aid: 602150
No project associated with aid: 602151
No project associated with aid: 485271
No project associated with aid: 485280
No project associated with aid: 485336
No project associated with aid: 485338
No project associated with aid: 588729
No project associated with aid: 588725
No project associated with aid: 504595
No project associated with aid: 602122
No project associated with aid: 488829
No project associated with aid: 488818
No project associated with aid: 2757
No project associated with aid: 504481
No project associated with aid: 504479
No project associated with aid: 504473
No project associated with aid: 504463
No project associated with aid: 504569
No project associated with aid: 1483
No project associated with aid: 1480
No project associated with aid: 588729
No project associated with aid: 588725
No project associated with aid: 504595
No project associated with aid: 602122
No project associated with aid: 488829
No project associated with aid: 488818
No project associated with aid: 2757
No project associated with aid: 504481
No project associated with aid: 504479
No project associated with aid: 504473
No project associated with aid: 504463
No project associated with aid: 504569
No project associated with aid: 1483
No project associated with aid: 1480
No project associated with aid: 602175
No project associated with aid: 1324
Success Saved project 33 with aid 1693, # new contexts 2, # new ContextItem 4, # duplicate ContextItem 0
No project associated with aid: 504471
No project associated with aid: 504472
No project associated with aid: 504473
No project associated with aid: 504478
No project associated with aid: 504481
No project associated with aid: 504479
No project associated with aid: 504456
No project associated with aid: 2757
No project associated with aid: 488818
No project associated with aid: 488829
No project associated with aid: 504463
No project associated with aid: 1862
No project associated with aid: 1867
No project associated with aid: 1870
No project associated with aid: 1873
No project associated with aid: 1887
Success Saved project 32 with aid 1908, # new contexts 2, # new ContextItem 4, # duplicate ContextItem 0
No project associated with aid: 2016
No project associated with aid: 2023
No project associated with aid: 2025
No project associated with aid: 2029
No project associated with aid: 2066
No project associated with aid: 2270
No project associated with aid: 2271
No project associated with aid: 2272
No project associated with aid: 2273
No project associated with aid: 2274
No project associated with aid: 2621
No project associated with aid: 2622
No project associated with aid: 2623
No project associated with aid: 2624
No project associated with aid: 2643
No project associated with aid: 2740
No project associated with aid: 2742
No project associated with aid: 2743
No project associated with aid: 2744
No project associated with aid: 2745
No project associated with aid: 488790
No project associated with aid: 488792
No project associated with aid: 488795
No project associated with aid: 488801
No project associated with aid: 488808
No project associated with aid: 488812
No project associated with aid: 488814
No project associated with aid: 488823
No project associated with aid: 488825
No project associated with aid: 488827
No project associated with aid: 504321
No project associated with aid: 504334
No project associated with aid: 504336
No project associated with aid: 504338
No project associated with aid: 504340
No project associated with aid: 504458
No project associated with aid: 504461
No project associated with aid: 504468
No project associated with aid: 504469
No project associated with aid: 504470
No project associated with aid: 1451
No project associated with aid: 1453
No project associated with aid: 2833
No project associated with aid: 488973
No project associated with aid: 504476
No project associated with aid: 1480
No project associated with aid: 1483
No project associated with aid: 2830
No project associated with aid: 488974
No project associated with aid: 504477
No project associated with aid: 1325
No project associated with aid: 1326
No project associated with aid: 1689
No project associated with aid: 1690
Success Saved project 20 with aid 1818, # new contexts 2, # new ContextItem 4, # duplicate ContextItem 0
Success Saved project 20 with aid 1818, # new contexts 0, # new ContextItem 1, # duplicate ContextItem 0
No project associated with aid: 489002
No project associated with aid: 489003
No project associated with aid: 504566
No project associated with aid: 504569
No project associated with aid: 764
No project associated with aid: 1339
Success Saved project 7 with aid 1772, # new contexts 2, # new ContextItem 4, # duplicate ContextItem 20
No project associated with aid: 2039
No project associated with aid: 2048
No project associated with aid: 2051
Success Saved project 7 with aid 1772, # new contexts 0, # new ContextItem 1, # duplicate ContextItem 3
No project associated with aid: 1324
Success Saved project 33 with aid 1693, # new contexts 0, # new ContextItem 1, # duplicate ContextItem 3
No project associated with aid: 1324
Success Saved project 33 with aid 1693, # new contexts 0, # new ContextItem 0, # duplicate ContextItem 4
No project associated with aid: 1324
Success Saved project 33 with aid 1693, # new contexts 0, # new ContextItem 0, # duplicate ContextItem 4
No project associated with aid: 1324
Success Saved project 33 with aid 1693, # new contexts 0, # new ContextItem 0, # duplicate ContextItem 4
No project associated with aid: 1324
Success Saved project 33 with aid 1693, # new contexts 0, # new ContextItem 0, # duplicate ContextItem 4
No project associated with aid: 1324
Success Saved project 33 with aid 1693, # new contexts 0, # new ContextItem 0, # duplicate ContextItem 4
No project associated with aid: 2809
No project associated with aid: 2814
No project associated with aid: 2815
No project associated with aid: 2820
No project associated with aid: 2822
No project associated with aid: 2835
No project associated with aid: 2836
No project associated with aid: 2843
No project associated with aid: 2844
No project associated with aid: 434928
No project associated with aid: 434929
No project associated with aid: 463192
No project associated with aid: 485277
No project associated with aid: 485278
No project associated with aid: 485279
No project associated with aid: 485282
No project associated with aid: 485283
No project associated with aid: 485285
No project associated with aid: 485286
No project associated with aid: 485287
No project associated with aid: 488947
No project associated with aid: 522
No project associated with aid: 675
No project associated with aid: 692
No project associated with aid: 1321
No project associated with aid: 1410
No project associated with aid: 1412
No project associated with aid: 1413
No project associated with aid: 1414
No project associated with aid: 1481
No project associated with aid: 2749
No project associated with aid: 2750
No project associated with aid: 434956
No project associated with aid: 434957
No project associated with aid: 463085
No project associated with aid: 588539
No project associated with aid: 588610
No project associated with aid: 588612
No project associated with aid: 588613
No project associated with aid: 588614
No project associated with aid: 588615
No project associated with aid: 588616
No project associated with aid: 588617
No project associated with aid: 588618
No project associated with aid: 588640
No project associated with aid: 588642
No project associated with aid: 588643
No project associated with aid: 588644
No project associated with aid: 588646
No project associated with aid: 588648
No project associated with aid: 588650
No project associated with aid: 588652
No project associated with aid: 588653
No project associated with aid: 588654
No project associated with aid: 588655
No project associated with aid: 588656
No project associated with aid: 588657
No project associated with aid: 588658
No project associated with aid: 588659
No project associated with aid: 588660
No project associated with aid: 588661
No project associated with aid: 588662
No project associated with aid: 588663
No project associated with aid: 588665
No project associated with aid: 588666
No project associated with aid: 588667
No project associated with aid: 588668
No project associated with aid: 588677
No project associated with aid: 588725
No project associated with aid: 588729
No project associated with aid: 1321
No project associated with aid: 1410
No project associated with aid: 1412
Success Saved project 5 with aid 1807, # new contexts 2, # new ContextItem 6, # duplicate ContextItem 0
No project associated with aid: 2088
No project associated with aid: 434972
No project associated with aid: 463169
No project associated with aid: 1414
No project associated with aid: 2088
No project associated with aid: 463186
No project associated with aid: 2088
No project associated with aid: 504929
No project associated with aid: 1413
No project associated with aid: 463077
No project associated with aid: 463076
No project associated with aid: 463170
No project associated with aid: 463171
No project associated with aid: 463177
No project associated with aid: 504930
No project associated with aid: 504935
No project associated with aid: 1481
No project associated with aid: 1517
No project associated with aid: 1534
No project associated with aid: 1551
Success Saved project 12 with aid 1794, # new contexts 2, # new ContextItem 6, # duplicate ContextItem 0
No project associated with aid: 1544
No project associated with aid: 1629
| Script scripts/maas/LoadProjectContext.groovy complete!
