INFO - (1/784 0:00:04.985) for project 112 (AID=504448), found 13 children in the RELATION table: [AID485366, AID492947, AID504454, AID504459, AID540358, AID588763, AID588765, AID588775, AID623882, AID623947, AID651694, AID651698, AID651701]
ERROR - 	-> We couldn't find an experiment given a PubChem AID: 651694
ERROR - 	-> We couldn't find an experiment given a PubChem AID: 651698
ERROR - 	-> We couldn't find an experiment given a PubChem AID: 651701
INFO - 	-> We found the following missing project experiments: [[aid=485366], [aid=492947]]
INFO - 	-> Adding all missing experiments to the project
INFO - (2/784 0:00:09.025) for project 187 (AID=588508), found 7 children in the RELATION table: [AID588492, AID588779, AID588780, AID602210, AID602211, AID602215, AID602217]
INFO - 	-> No missing experiments found
INFO - (3/784 0:00:12.677) for project 119 (AID=504493), found 5 children in the RELATION table: [AID504490, AID504541, AID504908, AID588338, AID588783]
INFO - 	-> No missing experiments found
INFO - (4/784 0:00:16.027) for project 257 (AID=463092), found 17 children in the RELATION table: [AID463082, AID463230, AID492956, AID588474, AID588766, AID588767, AID588768, AID588769, AID588770, AID588773, AID588774, AID588785, AID588787, AID588788, AID588789, AID588817, AID588823]
INFO - 	-> No missing experiments found
INFO - (5/784 0:00:19.533) for project 69 (AID=485386), found 4 children in the RELATION table: [AID485366, AID492947, AID588463, AID588790]
INFO - 	-> No missing experiments found
INFO - (6/784 0:00:22.972) for project 146 (AID=588357), found 11 children in the RELATION table: [AID588352, AID588792, AID588794, AID602166, AID602167, AID602168, AID651779, AID651781, AID651782, AID651786, AID651788]
ERROR - 	-> We couldn't find an experiment given a PubChem AID: 651779
ERROR - 	-> We couldn't find an experiment given a PubChem AID: 651781
ERROR - 	-> We couldn't find an experiment given a PubChem AID: 651782
ERROR - 	-> We couldn't find an experiment given a PubChem AID: 651786
ERROR - 	-> We couldn't find an experiment given a PubChem AID: 651788
INFO - 	-> No missing experiments found
INFO - (7/784 0:00:26.211) for project 73 (AID=488813), found 2 children in the RELATION table: [AID587, AID588795]
INFO - 	-> We found the following missing project experiments: [[aid=587]]
INFO - 	-> Adding all missing experiments to the project
INFO - (8/784 0:00:29.081) for project 403 (AID=2143), found 34 children in the RELATION table: [AID2130, AID2171, AID2174, AID2177, AID2202, AID2203, AID2232, AID2233, AID2291, AID2363, AID2365, AID2366, AID2368, AID2369, AID2371, AID463090, AID463091, AID463124, AID463130, AID463131, AID463132, AID463146, AID463149, AID588796, AID588801, AID588802, AID588803, AID588804, AID588805, AID588806, AID588807, AID588835, AID602468, AID602485]
ERROR - 	-> We couldn't find an experiment given a PubChem AID: 2202
ERROR - 	-> We couldn't find an experiment given a PubChem AID: 2203
INFO - 	-> No missing experiments found
INFO - (9/784 0:00:33.022) for project 166 (AID=504790), found 10 children in the RELATION table: [AID504766, AID588797, AID588799, AID588821, AID588822, AID624301, AID624302, AID624307, AID624313, AID624314]
ERROR - 	-> We couldn't find an experiment given a PubChem AID: 588821
ERROR - 	-> We couldn't find an experiment given a PubChem AID: 588822
ERROR - 	-> We couldn't find an experiment given a PubChem AID: 624301
ERROR - 	-> We couldn't find an experiment given a PubChem AID: 624302
ERROR - 	-> We couldn't find an experiment given a PubChem AID: 624307
ERROR - 	-> We couldn't find an experiment given a PubChem AID: 624313
ERROR - 	-> We couldn't find an experiment given a PubChem AID: 624314
INFO - 	-> No missing experiments found
INFO - (10/784 0:00:36.143) for project 16 (AID=624103), found 3 children in the RELATION table: [AID624037, AID624038, AID624040]
INFO - 	-> No missing experiments found
INFO - (11/784 0:00:39.315) for project 221 (AID=435008), found 17 children in the RELATION table: [AID434989, AID463079, AID485270, AID492963, AID492964, AID492965, AID493232, AID504699, AID504701, AID504717, AID504718, AID624050, AID624051, AID624407, AID624408, AID624409, AID624410]
ERROR - 	-> We couldn't find an experiment given a PubChem AID: 624407
ERROR - 	-> We couldn't find an experiment given a PubChem AID: 624408
ERROR - 	-> We couldn't find an experiment given a PubChem AID: 624409
ERROR - 	-> We couldn't find an experiment given a PubChem AID: 624410
INFO - 	-> No missing experiments found
INFO - (12/784 0:00:42.791) for project 111 (AID=493028), found 8 children in the RELATION table: [AID493012, AID493152, AID504715, AID504719, AID504722, AID602135, AID602136, AID624087]
INFO - 	-> No missing experiments found
INFO - (13/784 0:00:45.987) for project 110 (AID=493024), found 8 children in the RELATION table: [AID493011, AID493151, AID504714, AID504723, AID504724, AID588857, AID602135, AID624089]
INFO - 	-> No missing experiments found
INFO - (14/784 0:00:49.054) for project 437 (AID=602402), found 4 children in the RELATION table: [AID602405, AID624110, AID624257, AID624403]
ERROR - 	-> We couldn't find an experiment given a PubChem AID: 624403
INFO - 	-> No missing experiments found
INFO - (15/784 0:00:52.021) for project 12 (AID=588699), found 3 children in the RELATION table: [AID588676, AID602420, AID624111]
INFO - 	-> No missing experiments found
INFO - (16/784 0:00:54.703) for project 13 (AID=588700), found 3 children in the RELATION table: [AID588675, AID602413, AID624114]
INFO - 	-> No missing experiments found
INFO - (17/784 0:00:57.702) for project 42 (AID=588670), found 3 children in the RELATION table: [AID588627, AID602412, AID624115]
INFO - 	-> No missing experiments found
INFO - (18/784 0:01:00.666) for project 94 (AID=485316), found 8 children in the RELATION table: [AID1379, AID485297, AID485315, AID493200, AID624116, AID624117, AID624493, AID624501]
ERROR - 	-> We couldn't find an experiment given a PubChem AID: 485315
ERROR - 	-> We couldn't find an experiment given a PubChem AID: 624493
ERROR - 	-> We couldn't find an experiment given a PubChem AID: 624501
INFO - 	-> We found the following missing project experiments: [[aid=1379], [aid=624116]]
INFO - 	-> Adding all missing experiments to the project
INFO - (19/784 0:01:03.592) for project 231 (AID=2697), found 4 children in the RELATION table: [AID2642, AID588353, AID588366, AID651746]
ERROR - 	-> We couldn't find an experiment given a PubChem AID: 651746
INFO - 	-> No missing experiments found
INFO - (20/784 0:01:06.291) for project 391 (AID=2385), found 4 children in the RELATION table: [AID2323, AID485281, AID489008, AID624122]
INFO - 	-> No missing experiments found
INFO - (21/784 0:01:09.442) for project 17 (AID=624135), found 3 children in the RELATION table: [AID624125, AID624126, AID624127]
INFO - 	-> No missing experiments found
INFO - (22/784 0:01:12.556) for project 185 (AID=602249), found 4 children in the RELATION table: [AID602244, AID602409, AID624129, AID651594]
ERROR - 	-> We couldn't find an experiment given a PubChem AID: 651594
INFO - 	-> No missing experiments found
INFO - (23/784 0:01:15.888) for project 432 (AID=588684), found 3 children in the RELATION table: [AID624132, AID624133, AID624134]
INFO - 	-> No missing experiments found
INFO - (24/784 0:01:19.085) for project 458 (AID=588521), found 4 children in the RELATION table: [AID588436, AID602243, AID624140, AID624254]
INFO - 	-> No missing experiments found
INFO - (25/784 0:01:22.166) for project 33 (AID=602278), found 3 children in the RELATION table: [AID602274, AID623861, AID624145]
INFO - 	-> No missing experiments found
INFO - (26/784 0:01:25.263) for project 20 (AID=624154), found 5 children in the RELATION table: [AID624146, AID624170, AID624261, AID624262, AID624264]
INFO - 	-> No missing experiments found
INFO - (27/784 0:01:28.170) for project 21 (AID=624155), found 2 children in the RELATION table: [AID624147, AID624173]
INFO - 	-> No missing experiments found
INFO - (28/784 0:01:31.182) for project 18 (AID=624152), found 3 children in the RELATION table: [AID624148, AID624172, AID624421]
ERROR - 	-> We couldn't find an experiment given a PubChem AID: 624421
INFO - 	-> No missing experiments found
INFO - (29/784 0:01:34.103) for project 19 (AID=624153), found 5 children in the RELATION table: [AID624149, AID624171, AID651593, AID651595, AID651597]
ERROR - 	-> We couldn't find an experiment given a PubChem AID: 651593
ERROR - 	-> We couldn't find an experiment given a PubChem AID: 651595
ERROR - 	-> We couldn't find an experiment given a PubChem AID: 651597
INFO - 	-> No missing experiments found
INFO - (30/784 0:01:36.763) for project 232 (AID=2698), found 4 children in the RELATION table: [AID2662, AID624160, AID624161, AID624162]
INFO - 	-> No missing experiments found
INFO - (31/784 0:01:39.636) for project 90 (AID=485274), found 5 children in the RELATION table: [AID463111, AID602282, AID602283, AID624166, AID624179]
INFO - 	-> No missing experiments found
INFO - (32/784 0:01:42.543) for project 142 (AID=588409), found 5 children in the RELATION table: [AID588405, AID602417, AID624167, AID651549, AID651551]
ERROR - 	-> We couldn't find an experiment given a PubChem AID: 651549
ERROR - 	-> We couldn't find an experiment given a PubChem AID: 651551
INFO - 	-> No missing experiments found
INFO - (33/784 0:01:45.478) for project 23 (AID=624159), found 3 children in the RELATION table: [AID624168, AID651671, AID651684]
ERROR - 	-> We couldn't find an experiment given a PubChem AID: 651671
ERROR - 	-> We couldn't find an experiment given a PubChem AID: 651684
INFO - 	-> No missing experiments found
INFO - (34/784 0:01:48.317) for project 420 (AID=588708), found 8 children in the RELATION table: [AID588689, AID588742, AID602308, AID623863, AID623864, AID623865, AID624071, AID624078]
ERROR - 	-> We couldn't find an experiment given a PubChem AID: 602308
ERROR - 	-> We couldn't find an experiment given a PubChem AID: 623863
ERROR - 	-> We couldn't find an experiment given a PubChem AID: 623864
ERROR - 	-> We couldn't find an experiment given a PubChem AID: 623865
ERROR - 	-> We couldn't find an experiment given a PubChem AID: 624071
ERROR - 	-> We couldn't find an experiment given a PubChem AID: 624078
INFO - 	-> No missing experiments found
INFO - (35/784 0:01:51.302) for project 125 (AID=493158), found 3 children in the RELATION table: [AID493131, AID588690, AID588691]
INFO - 	-> No missing experiments found
INFO - (36/784 0:01:54.142) for project 419 (AID=588693), found 2 children in the RELATION table: [AID624404, AID624491]
ERROR - 	-> We couldn't find an experiment given a PubChem AID: 624404
ERROR - 	-> We couldn't find an experiment given a PubChem AID: 624491
INFO - 	-> No missing experiments found
INFO - (37/784 0:01:56.789) for project 240 (AID=2721), found 25 children in the RELATION table: [AID2717, AID449748, AID463074, AID493176, AID493196, AID493226, AID504325, AID504449, AID504450, AID504533, AID504535, AID504623, AID504666, AID504667, AID504788, AID504789, AID504859, AID588702, AID588703, AID588704, AID588705, AID588840, AID588844, AID588845, AID588846]
ERROR - 	-> We couldn't find an experiment given a PubChem AID: 504859
ERROR - 	-> We couldn't find an experiment given a PubChem AID: 588840
ERROR - 	-> We couldn't find an experiment given a PubChem AID: 588844
ERROR - 	-> We couldn't find an experiment given a PubChem AID: 588845
ERROR - 	-> We couldn't find an experiment given a PubChem AID: 588846
INFO - 	-> No missing experiments found
INFO - (38/784 0:02:00.026) for project 480 (AID=1693), found 28 children in the RELATION table: [AID504598, AID504627, AID588575, AID588578, AID588716, AID621, AID748, AID950, AID951, AID952, AID1007, AID1008, AID1009, AID1320, AID1322, AID1324, AID1327, AID1328, AID1329, AID1330, AID1776, AID2075, AID2077, AID2080, AID2081, AID2084, AID2086, AID432]
INFO - 	-> We found the following missing project experiments: [[aid=621], [aid=748], [aid=2075], [aid=2081], [aid=2084], [aid=2086], [aid=432]]
INFO - 	-> Adding all missing experiments to the project
INFO - (39/784 0:02:03.861) for project 15 (AID=588723), found 25 children in the RELATION table: [AID588719, AID588727, AID602240, AID602241, AID602242, AID602307, AID602411, AID602439, AID602455, AID602470, AID602483, AID602484, AID623935, AID623936, AID624063, AID624069, AID624284, AID624286, AID624295, AID624449, AID624450, AID651578, AID651734, AID651735, AID651738]
ERROR - 	-> We couldn't find an experiment given a PubChem AID: 602240
ERROR - 	-> We couldn't find an experiment given a PubChem AID: 602241
ERROR - 	-> We couldn't find an experiment given a PubChem AID: 602242
ERROR - 	-> We couldn't find an experiment given a PubChem AID: 602307
ERROR - 	-> We couldn't find an experiment given a PubChem AID: 602411
ERROR - 	-> We couldn't find an experiment given a PubChem AID: 602439
ERROR - 	-> We couldn't find an experiment given a PubChem AID: 602455
ERROR - 	-> We couldn't find an experiment given a PubChem AID: 602470
ERROR - 	-> We couldn't find an experiment given a PubChem AID: 602483
ERROR - 	-> We couldn't find an experiment given a PubChem AID: 602484
ERROR - 	-> We couldn't find an experiment given a PubChem AID: 623935
ERROR - 	-> We couldn't find an experiment given a PubChem AID: 623936
ERROR - 	-> We couldn't find an experiment given a PubChem AID: 624063
ERROR - 	-> We couldn't find an experiment given a PubChem AID: 624069
ERROR - 	-> We couldn't find an experiment given a PubChem AID: 624284
ERROR - 	-> We couldn't find an experiment given a PubChem AID: 624286
ERROR - 	-> We couldn't find an experiment given a PubChem AID: 624295
ERROR - 	-> We couldn't find an experiment given a PubChem AID: 624449
ERROR - 	-> We couldn't find an experiment given a PubChem AID: 624450
ERROR - 	-> We couldn't find an experiment given a PubChem AID: 651578
ERROR - 	-> We couldn't find an experiment given a PubChem AID: 651734
ERROR - 	-> We couldn't find an experiment given a PubChem AID: 651735
ERROR - 	-> We couldn't find an experiment given a PubChem AID: 651738
INFO - 	-> No missing experiments found
INFO - (40/784 0:02:07.395) for project 101 (AID=488855), found 18 children in the RELATION table: [AID488806, AID488847, AID504451, AID504500, AID504521, AID504580, AID504782, AID504815, AID504819, AID588428, AID588465, AID588468, AID588482, AID588494, AID588496, AID588512, AID588540, AID588720]
ERROR - 	-> We couldn't find an experiment given a PubChem AID: 588468
ERROR - 	-> We couldn't find an experiment given a PubChem AID: 588482
ERROR - 	-> We couldn't find an experiment given a PubChem AID: 588540
INFO - 	-> No missing experiments found
INFO - (41/784 0:02:10.394) for project 208 (AID=2431), found 12 children in the RELATION table: [AID2417, AID2729, AID2730, AID2731, AID2733, AID2734, AID540362, AID540363, AID588722, AID588738, AID588739, AID588740]
ERROR - 	-> We couldn't find an experiment given a PubChem AID: 540363
ERROR - 	-> We couldn't find an experiment given a PubChem AID: 588738
ERROR - 	-> We couldn't find an experiment given a PubChem AID: 588739
ERROR - 	-> We couldn't find an experiment given a PubChem AID: 588740
INFO - 	-> No missing experiments found
INFO - (42/784 0:02:13.468) for project 140 (AID=588337), found 3 children in the RELATION table: [AID588335, AID588726, AID651616]
ERROR - 	-> We couldn't find an experiment given a PubChem AID: 651616
INFO - 	-> No missing experiments found
INFO - (43/784 0:02:16.359) for project 456 (AID=540342), found 2 children in the RELATION table: [AID540336, AID588764]
INFO - 	-> No missing experiments found
INFO - (44/784 0:02:19.207) for project 215 (AID=540319), found 7 children in the RELATION table: [AID540308, AID602192, AID602194, AID602263, AID602264, AID651547, AID651555]
ERROR - 	-> We couldn't find an experiment given a PubChem AID: 651547
ERROR - 	-> We couldn't find an experiment given a PubChem AID: 651555
INFO - 	-> No missing experiments found
INFO - (45/784 0:02:21.915) for project 482 (AID=2118), found 7 children in the RELATION table: [AID2098, AID2382, AID493083, AID493085, AID588827, AID588847, AID602266]
INFO - 	-> No missing experiments found
INFO - (46/784 0:02:24.864) for project 450 (AID=504435), found 7 children in the RELATION table: [AID504414, AID504773, AID602252, AID602253, AID602254, AID602255, AID602267]
INFO - 	-> No missing experiments found
INFO - (47/784 0:02:27.869) for project 190 (AID=602170), found 4 children in the RELATION table: [AID602163, AID602270, AID623963, AID624497]
ERROR - 	-> We couldn't find an experiment given a PubChem AID: 624497
INFO - 	-> No missing experiments found
INFO - (48/784 0:02:30.864) for project 442 (AID=488916), found 5 children in the RELATION table: [AID488839, AID504545, AID504546, AID602272, AID602284]
INFO - 	-> No missing experiments found
INFO - (49/784 0:02:33.912) for project 136 (AID=493241), found 13 children in the RELATION table: [AID493035, AID504319, AID602281, AID651612, AID651672, AID651674, AID651677, AID651720, AID651733, AID651759, AID651760, AID651761, AID651766]
ERROR - 	-> We couldn't find an experiment given a PubChem AID: 651612
ERROR - 	-> We couldn't find an experiment given a PubChem AID: 651672
ERROR - 	-> We couldn't find an experiment given a PubChem AID: 651674
ERROR - 	-> We couldn't find an experiment given a PubChem AID: 651677
ERROR - 	-> We couldn't find an experiment given a PubChem AID: 651720
ERROR - 	-> We couldn't find an experiment given a PubChem AID: 651733
ERROR - 	-> We couldn't find an experiment given a PubChem AID: 651759
ERROR - 	-> We couldn't find an experiment given a PubChem AID: 651760
ERROR - 	-> We couldn't find an experiment given a PubChem AID: 651761
ERROR - 	-> We couldn't find an experiment given a PubChem AID: 651766
INFO - 	-> No missing experiments found
INFO - (50/784 0:02:37.003) for project 50 (AID=485293), found 2 children in the RELATION table: [AID485298, AID602289]
INFO - 	-> No missing experiments found
INFO - (51/784 0:02:39.886) for project 167 (AID=504813), found 8 children in the RELATION table: [AID504810, AID504821, AID602292, AID602293, AID602441, AID602442, AID602447, AID602448]
INFO - 	-> We found the following missing project experiments: [[aid=602447]]
INFO - 	-> Adding all missing experiments to the project
INFO - (52/784 0:02:43.033) for project 446 (AID=504442), found 9 children in the RELATION table: [AID504441, AID588345, AID588348, AID588432, AID588449, AID588811, AID602127, AID602295, AID602348]
ERROR - 	-> We couldn't find an experiment given a PubChem AID: 588432
ERROR - 	-> We couldn't find an experiment given a PubChem AID: 588449
INFO - 	-> No missing experiments found
INFO - (53/784 0:02:46.048) for project 213 (AID=540307), found 7 children in the RELATION table: [AID540295, AID602193, AID602195, AID602298, AID602305, AID651554, AID651557]
ERROR - 	-> We couldn't find an experiment given a PubChem AID: 651554
ERROR - 	-> We couldn't find an experiment given a PubChem AID: 651557
INFO - 	-> No missing experiments found
INFO - (54/784 0:02:49.033) for project 131 (AID=504622), found 8 children in the RELATION table: [AID504577, AID504600, AID540370, AID588596, AID602197, AID602198, AID602257, AID602304]
INFO - 	-> No missing experiments found
INFO - (55/784 0:02:52.016) for project 144 (AID=588444), found 7 children in the RELATION table: [AID588379, AID602310, AID602324, AID651812, AID651813, AID651814, AID651815]
ERROR - 	-> We couldn't find an experiment given a PubChem AID: 602324
ERROR - 	-> We couldn't find an experiment given a PubChem AID: 651812
ERROR - 	-> We couldn't find an experiment given a PubChem AID: 651813
ERROR - 	-> We couldn't find an experiment given a PubChem AID: 651814
ERROR - 	-> We couldn't find an experiment given a PubChem AID: 651815
INFO - 	-> No missing experiments found
INFO - (56/784 0:02:55.011) for project 34 (AID=602324), found 6 children in the RELATION table: [AID588444, AID602313, AID651812, AID651813, AID651814, AID651815]
ERROR - 	-> We couldn't find an experiment given a PubChem AID: 588444
ERROR - 	-> We couldn't find an experiment given a PubChem AID: 651812
ERROR - 	-> We couldn't find an experiment given a PubChem AID: 651813
ERROR - 	-> We couldn't find an experiment given a PubChem AID: 651814
ERROR - 	-> We couldn't find an experiment given a PubChem AID: 651815
INFO - 	-> No missing experiments found
INFO - (57/784 0:02:57.992) for project 188 (AID=588509), found 7 children in the RELATION table: [AID588493, AID602318, AID602330, AID602333, AID602361, AID602368, AID602369]
INFO - 	-> No missing experiments found
INFO - (58/784 0:03:00.973) for project 434 (AID=602352), found 5 children in the RELATION table: [AID602329, AID651651, AID651657, AID651673, AID651692]
ERROR - 	-> We couldn't find an experiment given a PubChem AID: 651651
ERROR - 	-> We couldn't find an experiment given a PubChem AID: 651657
ERROR - 	-> We couldn't find an experiment given a PubChem AID: 651673
ERROR - 	-> We couldn't find an experiment given a PubChem AID: 651692
INFO - 	-> No missing experiments found
INFO - (59/784 0:03:03.954) for project 155 (AID=504849), found 5 children in the RELATION table: [AID504836, AID602332, AID624342, AID624348, AID624498]
ERROR - 	-> We couldn't find an experiment given a PubChem AID: 624342
ERROR - 	-> We couldn't find an experiment given a PubChem AID: 624348
ERROR - 	-> We couldn't find an experiment given a PubChem AID: 624498
INFO - 	-> No missing experiments found
INFO - (60/784 0:03:06.891) for project 105 (AID=492946), found 10 children in the RELATION table: [AID489031, AID504616, AID504617, AID588554, AID588572, AID588573, AID588576, AID588592, AID602469, AID602471]
INFO - 	-> No missing experiments found
INFO - (61/784 0:03:10.049) for project 219 (AID=588858), found 6 children in the RELATION table: [AID588850, AID602141, AID602472, AID624343, AID624344, AID624347]
ERROR - 	-> We couldn't find an experiment given a PubChem AID: 624343
ERROR - 	-> We couldn't find an experiment given a PubChem AID: 624344
ERROR - 	-> We couldn't find an experiment given a PubChem AID: 624347
INFO - 	-> No missing experiments found
INFO - (62/784 0:03:13.056) for project 154 (AID=588491), found 2 children in the RELATION table: [AID588473, AID602473]
INFO - 	-> No missing experiments found
INFO - (63/784 0:03:15.938) for project 428 (AID=623896), found 3 children in the RELATION table: [AID602481, AID651679, AID651683]
ERROR - 	-> We couldn't find an experiment given a PubChem AID: 651679
ERROR - 	-> We couldn't find an experiment given a PubChem AID: 651683
INFO - 	-> No missing experiments found
INFO - (64/784 0:03:18.552) for project 429 (AID=623900), found 3 children in the RELATION table: [AID623870, AID651703, AID651705]
ERROR - 	-> We couldn't find an experiment given a PubChem AID: 651703
ERROR - 	-> We couldn't find an experiment given a PubChem AID: 651705
INFO - 	-> No missing experiments found
INFO - (65/784 0:03:21.460) for project 104 (AID=492945), found 10 children in the RELATION table: [AID489030, AID504614, AID504615, AID588524, AID588538, AID588555, AID588574, AID588577, AID602460, AID602461]
INFO - 	-> No missing experiments found
INFO - (66/784 0:03:24.517) for project 28 (AID=624292), found 1 children in the RELATION table: [AID624287]
INFO - 	-> No missing experiments found
INFO - (67/784 0:03:27.323) for project 29 (AID=624293), found 1 children in the RELATION table: [AID624288]
INFO - 	-> No missing experiments found
INFO - (68/784 0:03:30.164) for project 30 (AID=624294), found 1 children in the RELATION table: [AID624291]
INFO - 	-> No missing experiments found
INFO - (69/784 0:03:33.035) for project 31 (AID=624318), found 4 children in the RELATION table: [AID624304, AID624474, AID651563, AID651579]
ERROR - 	-> We couldn't find an experiment given a PubChem AID: 624474
ERROR - 	-> We couldn't find an experiment given a PubChem AID: 651563
ERROR - 	-> We couldn't find an experiment given a PubChem AID: 651579
INFO - 	-> No missing experiments found
INFO - (70/784 0:03:35.991) for project 162 (AID=504709), found 3 children in the RELATION table: [AID504706, AID624305, AID624331]
ERROR - 	-> We couldn't find an experiment given a PubChem AID: 624331
INFO - 	-> No missing experiments found
INFO - (71/784 0:03:39.015) for project 141 (AID=504591), found 4 children in the RELATION table: [AID504536, AID504891, AID624308, AID624312]
INFO - 	-> No missing experiments found
INFO - (72/784 0:03:42.103) for project 32 (AID=602265), found 4 children in the RELATION table: [AID602261, AID624325, AID624326, AID624327]
INFO - 	-> No missing experiments found
INFO - (73/784 0:03:44.767) for project 186 (AID=588500), found 3 children in the RELATION table: [AID588489, AID602259, AID602260]
INFO - 	-> We found the following missing project experiments: [[aid=602260]]
INFO - 	-> Adding all missing experiments to the project
INFO - (74/784 0:03:47.480) for project 199 (AID=2569), found 16 children in the RELATION table: [AID2521, AID2766, AID2784, AID463109, AID463214, AID485352, AID488803, AID488810, AID488992, AID488994, AID492984, AID492986, AID504436, AID504438, AID504455, AID504457]
INFO - 	-> We found the following missing project experiments: [[aid=504455], [aid=504457]]
INFO - 	-> Adding all missing experiments to the project
INFO - (75/784 0:03:50.921) for project 413 (AID=2175), found 13 children in the RELATION table: [AID1515, AID1974, AID2176, AID449772, AID449773, AID463081, AID463093, AID463094, AID463098, AID463101, AID463102, AID463110, AID463142]
INFO - 	-> We found the following missing project experiments: [[aid=1515]]
INFO - 	-> Adding all missing experiments to the project
INFO - (76/784 0:03:54.169) for project 254 (AID=449771), found 14 children in the RELATION table: [AID449763, AID463112, AID489024, AID489040, AID540305, AID540312, AID588556, AID588557, AID588558, AID588570, AID588582, AID588594, AID602416, AID602434]
ERROR - 	-> We couldn't find an experiment given a PubChem AID: 540305
ERROR - 	-> We couldn't find an experiment given a PubChem AID: 540312
ERROR - 	-> We couldn't find an experiment given a PubChem AID: 588556
ERROR - 	-> We couldn't find an experiment given a PubChem AID: 588557
ERROR - 	-> We couldn't find an experiment given a PubChem AID: 588558
ERROR - 	-> We couldn't find an experiment given a PubChem AID: 588570
ERROR - 	-> We couldn't find an experiment given a PubChem AID: 588582
ERROR - 	-> We couldn't find an experiment given a PubChem AID: 588594
ERROR - 	-> We couldn't find an experiment given a PubChem AID: 602416
ERROR - 	-> We couldn't find an experiment given a PubChem AID: 602434
INFO - 	-> No missing experiments found
INFO - (77/784 0:03:57.139) for project 343 (AID=1801), found 33 children in the RELATION table: [AID1509, AID1523, AID1563, AID1686, AID1701, AID463107, AID463118, AID463119, AID463122, AID463123, AID463129, AID463225, AID504400, AID504460, AID504867, AID504869, AID504870, AID504871, AID504872, AID504873, AID504875, AID504876, AID504877, AID504879, AID504880, AID504881, AID504917, AID504918, AID504919, AID504921, AID504923, AID504924, AID540332]
INFO - 	-> No missing experiments found
INFO - (78/784 0:04:00.630) for project 200 (AID=2571), found 11 children in the RELATION table: [AID2524, AID434926, AID463120, AID488817, AID488875, AID488886, AID488888, AID493112, AID493126, AID493128, AID493132]
INFO - 	-> No missing experiments found
INFO - (79/784 0:04:03.476) for project 411 (AID=2481), found 3 children in the RELATION table: [AID2445, AID434985, AID463125]
INFO - 	-> No missing experiments found
INFO - (80/784 0:04:06.091) for project 201 (AID=2574), found 15 children in the RELATION table: [AID2544, AID434927, AID463135, AID488793, AID488874, AID488882, AID488892, AID493137, AID493138, AID493141, AID493142, AID540260, AID540261, AID540265, AID540274]
INFO - 	-> No missing experiments found
INFO - (81/784 0:04:09.508) for project 46 (AID=463197), found 14 children in the RELATION table: [AID463141, AID463210, AID488941, AID488954, AID489013, AID489014, AID493114, AID493115, AID504328, AID504330, AID504814, AID504816, AID504822, AID504824]
INFO - 	-> We found the following missing project experiments: [[aid=504328], [aid=504330], [aid=504822], [aid=504824]]
INFO - 	-> Adding all missing experiments to the project
INFO - (82/784 0:04:12.972) for project 47 (AID=485289), found 6 children in the RELATION table: [AID463165, AID492999, AID493000, AID493001, AID588523, AID588552]
INFO - 	-> No missing experiments found
INFO - (83/784 0:04:15.725) for project 349 (AID=1807), found 18 children in the RELATION table: [AID1321, AID1410, AID1412, AID1413, AID1414, AID2088, AID434972, AID463076, AID463077, AID463080, AID463169, AID463170, AID463171, AID463177, AID463186, AID504929, AID504930, AID504935]
ERROR - 	-> We couldn't find an experiment given a PubChem AID: 504929
ERROR - 	-> We couldn't find an experiment given a PubChem AID: 504930
ERROR - 	-> We couldn't find an experiment given a PubChem AID: 504935
INFO - 	-> We found the following missing project experiments: [[aid=463080]]
INFO - 	-> Adding all missing experiments to the project
INFO - (84/784 0:04:18.851) for project 307 (AID=1864), found 15 children in the RELATION table: [AID1850, AID1985, AID2252, AID2384, AID2612, AID2811, AID2839, AID2840, AID434995, AID434998, AID449734, AID449740, AID449743, AID463174, AID463179]
INFO - 	-> We found the following missing project experiments: [[aid=2252]]
INFO - 	-> Adding all missing experiments to the project
INFO - (85/784 0:04:21.904) for project 308 (AID=1874), found 15 children in the RELATION table: [AID1863, AID1981, AID2253, AID2401, AID2640, AID2816, AID2831, AID2834, AID434990, AID434996, AID449735, AID449741, AID449742, AID463175, AID463176]
INFO - 	-> We found the following missing project experiments: [[aid=2253]]
INFO - 	-> Adding all missing experiments to the project
INFO - (86/784 0:04:25.026) for project 315 (AID=1658), found 9 children in the RELATION table: [AID1656, AID463183, AID463191, AID463200, AID463219, AID493092, AID504422, AID504440, AID504443]
INFO - 	-> No missing experiments found
INFO - (87/784 0:04:28.120) for project 55 (AID=463194), found 7 children in the RELATION table: [AID463190, AID463195, AID463213, AID463215, AID493003, AID504542, AID504544]
INFO - 	-> No missing experiments found
INFO - (88/784 0:04:30.856) for project 369 (AID=1965), found 15 children in the RELATION table: [AID1961, AID2338, AID2339, AID2340, AID2341, AID2347, AID2843, AID2844, AID434922, AID434924, AID434925, AID434928, AID434929, AID463192, AID485279]
INFO - 	-> No missing experiments found
INFO - (89/784 0:04:33.915) for project 306 (AID=1859), found 15 children in the RELATION table: [AID1706, AID1890, AID1944, AID435015, AID488877, AID488958, AID488967, AID488984, AID488999, AID493245, AID588771, AID588772, AID588786, AID602486, AID602487]
ERROR - 	-> We couldn't find an experiment given a PubChem AID: 588771
ERROR - 	-> We couldn't find an experiment given a PubChem AID: 588772
ERROR - 	-> We couldn't find an experiment given a PubChem AID: 588786
ERROR - 	-> We couldn't find an experiment given a PubChem AID: 602486
ERROR - 	-> We couldn't find an experiment given a PubChem AID: 602487
INFO - 	-> No missing experiments found
INFO - (90/784 0:04:36.958) for project 203 (AID=2580), found 14 children in the RELATION table: [AID2520, AID2764, AID488748, AID488811, AID488865, AID488881, AID488985, AID488986, AID492982, AID492985, AID493183, AID493202, AID504524, AID504532]
INFO - 	-> No missing experiments found
INFO - (91/784 0:04:39.922) for project 292 (AID=1784), found 18 children in the RELATION table: [AID1077, AID1779, AID2126, AID2134, AID2135, AID2140, AID2682, AID2686, AID435024, AID435027, AID435032, AID449726, AID449727, AID449736, AID488869, AID488871, AID488884, AID488889]
INFO - 	-> We found the following missing project experiments: [[aid=488889]]
INFO - 	-> Adding all missing experiments to the project
INFO - (92/784 0:04:43.138) for project 242 (AID=2526), found 37 children in the RELATION table: [AID2462, AID2465, AID2765, AID449754, AID449755, AID449757, AID449761, AID488858, AID488885, AID488891, AID488897, AID488898, AID488902, AID488914, AID488934, AID488948, AID504342, AID504343, AID504344, AID504345, AID504346, AID504347, AID504348, AID504353, AID504354, AID504356, AID504359, AID504360, AID504365, AID504392, AID504403, AID504405, AID504407, AID504409, AID504412, AID504413, AID504415]
ERROR - 	-> We couldn't find an experiment given a PubChem AID: 2465
INFO - 	-> No missing experiments found
INFO - (93/784 0:04:47.067) for project 74 (AID=488929), found 6 children in the RELATION table: [AID488890, AID489018, AID489025, AID492952, AID492998, AID651618]
ERROR - 	-> We couldn't find an experiment given a PubChem AID: 651618
INFO - 	-> No missing experiments found
INFO - (94/784 0:04:50.129) for project 333 (AID=2007), found 46 children in the RELATION table: [AID1979, AID2327, AID2387, AID2388, AID2400, AID2423, AID2467, AID434923, AID434930, AID434935, AID434938, AID434945, AID434946, AID488802, AID488807, AID488809, AID488836, AID488893, AID488905, AID488907, AID488909, AID488911, AID488930, AID488932, AID488933, AID488937, AID488943, AID488950, AID493064, AID493069, AID493070, AID493080, AID493081, AID493082, AID493089, AID493099, AID493134, AID493147, AID493149, AID493150, AID493157, AID504390, AID504499, AID504502, AID504504, AID504525]
INFO - 	-> No missing experiments found
INFO - (95/784 0:04:54.203) for project 637 (AID=380), found 0 children in the RELATION table: []
INFO - 	-> No missing experiments found
INFO - (96/784 0:04:56.817) for project 635 (AID=378), found 0 children in the RELATION table: []
INFO - 	-> No missing experiments found
INFO - (97/784 0:04:59.374) for project 510 (AID=44), found 0 children in the RELATION table: []
INFO - 	-> No missing experiments found
INFO - (98/784 0:05:01.934) for project 494 (AID=3), found 0 children in the RELATION table: []
INFO - 	-> No missing experiments found
INFO - (99/784 0:05:04.492) for project 499 (AID=11), found 0 children in the RELATION table: []
INFO - 	-> No missing experiments found
INFO - (100/784 0:05:07.037) for project 634 (AID=377), found 0 children in the RELATION table: []
INFO - 	-> No missing experiments found
INFO - (101/784 0:05:09.716) for project 638 (AID=381), found 0 children in the RELATION table: []
INFO - 	-> No missing experiments found
INFO - (102/784 0:05:12.324) for project 639 (AID=382), found 0 children in the RELATION table: []
INFO - 	-> No missing experiments found
INFO - (103/784 0:05:14.916) for project 570 (AID=148), found 0 children in the RELATION table: []
INFO - 	-> No missing experiments found
INFO - (104/784 0:05:17.801) for project 39 (AID=623902), found 1 children in the RELATION table: [AID623877]
INFO - 	-> No missing experiments found
INFO - (105/784 0:05:20.625) for project 430 (AID=623949), found 1 children in the RELATION table: [AID623901]
INFO - 	-> No missing experiments found
INFO - (106/784 0:05:23.457) for project 170 (AID=588561), found 13 children in the RELATION table: [AID588550, AID602162, AID602430, AID623955, AID623957, AID624484, AID624487, AID651652, AID651653, AID651655, AID651656, AID651662, AID651663]
ERROR - 	-> We couldn't find an experiment given a PubChem AID: 624484
ERROR - 	-> We couldn't find an experiment given a PubChem AID: 624487
ERROR - 	-> We couldn't find an experiment given a PubChem AID: 651652
ERROR - 	-> We couldn't find an experiment given a PubChem AID: 651653
ERROR - 	-> We couldn't find an experiment given a PubChem AID: 651655
ERROR - 	-> We couldn't find an experiment given a PubChem AID: 651656
ERROR - 	-> We couldn't find an experiment given a PubChem AID: 651662
ERROR - 	-> We couldn't find an experiment given a PubChem AID: 651663
INFO - 	-> No missing experiments found
INFO - (107/784 0:05:26.454) for project 330 (AID=2119), found 6 children in the RELATION table: [AID2097, AID434947, AID434954, AID623978, AID623979, AID623989]
INFO - 	-> No missing experiments found
INFO - (108/784 0:05:29.439) for project 184 (AID=602183), found 4 children in the RELATION table: [AID602179, AID623980, AID623995, AID624002]
INFO - 	-> No missing experiments found
INFO - (109/784 0:05:32.093) for project 608 (AID=350), found 0 children in the RELATION table: []
INFO - 	-> No missing experiments found
INFO - (110/784 0:05:34.649) for project 264 (AID=1393), found 7 children in the RELATION table: [AID1382, AID348, AID360, AID957, AID992, AID997, AID998]
INFO - 	-> We found the following missing project experiments: [[aid=1382]]
INFO - 	-> Adding all missing experiments to the project
INFO - (111/784 0:05:37.593) for project 609 (AID=351), found 0 children in the RELATION table: []
INFO - 	-> No missing experiments found
INFO - (112/784 0:05:40.132) for project 535 (AID=87), found 0 children in the RELATION table: []
INFO - 	-> No missing experiments found
INFO - (113/784 0:05:42.717) for project 536 (AID=88), found 0 children in the RELATION table: []
INFO - 	-> No missing experiments found
INFO - (114/784 0:05:45.308) for project 706 (AID=449), found 5 children in the RELATION table: [AID467, AID468, AID373, AID439, AID466]
INFO - 	-> We found the following missing project experiments: [[aid=467], [aid=468], [aid=373], [aid=439], [aid=466]]
INFO - 	-> Adding all missing experiments to the project
INFO - (115/784 0:05:48.232) for project 557 (AID=114), found 0 children in the RELATION table: []
INFO - 	-> No missing experiments found
INFO - (116/784 0:05:51.285) for project 703 (AID=446), found 3 children in the RELATION table: [AID922, AID934, AID935]
INFO - 	-> We found the following missing project experiments: [[aid=922], [aid=934], [aid=935]]
INFO - 	-> Adding all missing experiments to the project
INFO - (117/784 0:05:54.078) for project 714 (AID=458), found 0 children in the RELATION table: []
INFO - 	-> No missing experiments found
INFO - (118/784 0:05:56.992) for project 214 (AID=540309), found 11 children in the RELATION table: [AID1192, AID373, AID439, AID540344, AID540349, AID540351, AID540366, AID540367, AID540368, AID540369, AID588327]
INFO - 	-> No missing experiments found
INFO - (119/784 0:06:00.203) for project 552 (AID=108), found 0 children in the RELATION table: []
INFO - 	-> No missing experiments found
INFO - (120/784 0:06:02.910) for project 577 (AID=155), found 0 children in the RELATION table: []
INFO - 	-> No missing experiments found
INFO - (121/784 0:06:05.518) for project 605 (AID=347), found 0 children in the RELATION table: []
INFO - 	-> No missing experiments found
INFO - (122/784 0:06:08.062) for project 633 (AID=375), found 3 children in the RELATION table: [AID708, AID774, AID838]
INFO - 	-> We found the following missing project experiments: [[aid=708], [aid=774], [aid=838]]
INFO - 	-> Adding all missing experiments to the project
INFO - (123/784 0:06:10.939) for project 624 (AID=366), found 3 children in the RELATION table: [AID365, AID367, AID372]
ERROR - 	-> We couldn't find an experiment given a PubChem AID: 365
ERROR - 	-> We couldn't find an experiment given a PubChem AID: 367
ERROR - 	-> We couldn't find an experiment given a PubChem AID: 372
INFO - 	-> No missing experiments found
INFO - (124/784 0:06:13.652) for project 636 (AID=379), found 0 children in the RELATION table: []
INFO - 	-> No missing experiments found
INFO - (125/784 0:06:16.163) for project 508 (AID=42), found 0 children in the RELATION table: []
INFO - 	-> No missing experiments found
INFO - (126/784 0:06:18.736) for project 495 (AID=4), found 0 children in the RELATION table: []
INFO - 	-> No missing experiments found
INFO - (127/784 0:06:21.558) for project 427 (AID=602297), found 2 children in the RELATION table: [AID602340, AID624405]
ERROR - 	-> We couldn't find an experiment given a PubChem AID: 624405
INFO - 	-> No missing experiments found
INFO - (128/784 0:06:24.456) for project 435 (AID=602390), found 1 children in the RELATION table: [AID602342]
INFO - 	-> No missing experiments found
INFO - (129/784 0:06:27.315) for project 433 (AID=602344), found 1 children in the RELATION table: [AID602346]
INFO - 	-> No missing experiments found
INFO - (130/784 0:06:30.129) for project 436 (AID=602395), found 1 children in the RELATION table: [AID602363]
INFO - 	-> No missing experiments found
INFO - (131/784 0:06:32.924) for project 89 (AID=463216), found 10 children in the RELATION table: [AID463195, AID463212, AID463215, AID463218, AID493002, AID504657, AID504672, AID602375, AID602378, AID602380]
INFO - 	-> No missing experiments found
INFO - (132/784 0:06:35.764) for project 735 (AID=831), found 1 children in the RELATION table: [AID501]
INFO - 	-> We found the following missing project experiments: [[aid=501]]
INFO - 	-> Adding all missing experiments to the project
INFO - (133/784 0:06:38.768) for project 149 (AID=588464), found 5 children in the RELATION table: [AID588458, AID602382, AID602385, AID602386, AID602387]
INFO - 	-> No missing experiments found
INFO - (134/784 0:06:41.620) for project 179 (AID=504856), found 2 children in the RELATION table: [AID504845, AID602388]
INFO - 	-> No missing experiments found
INFO - (135/784 0:06:44.505) for project 441 (AID=488968), found 18 children in the RELATION table: [AID488965, AID493231, AID504942, AID504944, AID602389, AID623950, AID623951, AID623985, AID623987, AID623990, AID623991, AID623993, AID624011, AID624016, AID624018, AID624020, AID624033, AID624058]
ERROR - 	-> We couldn't find an experiment given a PubChem AID: 623950
ERROR - 	-> We couldn't find an experiment given a PubChem AID: 623951
ERROR - 	-> We couldn't find an experiment given a PubChem AID: 623985
ERROR - 	-> We couldn't find an experiment given a PubChem AID: 623987
ERROR - 	-> We couldn't find an experiment given a PubChem AID: 623990
ERROR - 	-> We couldn't find an experiment given a PubChem AID: 623991
ERROR - 	-> We couldn't find an experiment given a PubChem AID: 623993
ERROR - 	-> We couldn't find an experiment given a PubChem AID: 624011
ERROR - 	-> We couldn't find an experiment given a PubChem AID: 624016
ERROR - 	-> We couldn't find an experiment given a PubChem AID: 624018
ERROR - 	-> We couldn't find an experiment given a PubChem AID: 624020
ERROR - 	-> We couldn't find an experiment given a PubChem AID: 624033
ERROR - 	-> We couldn't find an experiment given a PubChem AID: 624058
INFO - 	-> No missing experiments found
INFO - (136/784 0:06:47.908) for project 422 (AID=602436), found 2 children in the RELATION table: [AID602393, AID651717]
ERROR - 	-> We couldn't find an experiment given a PubChem AID: 651717
INFO - 	-> No missing experiments found
INFO - (137/784 0:06:50.812) for project 44 (AID=602418), found 5 children in the RELATION table: [AID602396, AID651611, AID651613, AID651614, AID651615]
ERROR - 	-> We couldn't find an experiment given a PubChem AID: 651611
ERROR - 	-> We couldn't find an experiment given a PubChem AID: 651613
ERROR - 	-> We couldn't find an experiment given a PubChem AID: 651614
ERROR - 	-> We couldn't find an experiment given a PubChem AID: 651615
INFO - 	-> No missing experiments found
INFO - (138/784 0:06:53.906) for project 45 (AID=602419), found 4 children in the RELATION table: [AID602399, AID624309, AID624317, AID651709]
ERROR - 	-> We couldn't find an experiment given a PubChem AID: 651709
INFO - 	-> No missing experiments found
INFO - (139/784 0:06:56.853) for project 37 (AID=602490), found 3 children in the RELATION table: [AID602410, AID651638, AID651747]
ERROR - 	-> We couldn't find an experiment given a PubChem AID: 651638
ERROR - 	-> We couldn't find an experiment given a PubChem AID: 651747
INFO - 	-> No missing experiments found
INFO - (140/784 0:06:59.778) for project 117 (AID=504420), found 33 children in the RELATION table: [AID504411, AID504445, AID602299, AID602300, AID602301, AID602302, AID602303, AID602311, AID602312, AID602319, AID602320, AID602321, AID602322, AID602323, AID602335, AID602337, AID602339, AID602341, AID602343, AID602345, AID602347, AID602349, AID602351, AID602353, AID602354, AID602355, AID602403, AID602415, AID624039, AID624041, AID624077, AID624468, AID624472]
ERROR - 	-> We couldn't find an experiment given a PubChem AID: 602299
ERROR - 	-> We couldn't find an experiment given a PubChem AID: 602300
ERROR - 	-> We couldn't find an experiment given a PubChem AID: 602301
ERROR - 	-> We couldn't find an experiment given a PubChem AID: 602302
ERROR - 	-> We couldn't find an experiment given a PubChem AID: 602303
ERROR - 	-> We couldn't find an experiment given a PubChem AID: 602311
ERROR - 	-> We couldn't find an experiment given a PubChem AID: 602312
ERROR - 	-> We couldn't find an experiment given a PubChem AID: 602319
ERROR - 	-> We couldn't find an experiment given a PubChem AID: 602320
ERROR - 	-> We couldn't find an experiment given a PubChem AID: 602321
ERROR - 	-> We couldn't find an experiment given a PubChem AID: 602322
ERROR - 	-> We couldn't find an experiment given a PubChem AID: 602323
ERROR - 	-> We couldn't find an experiment given a PubChem AID: 602335
ERROR - 	-> We couldn't find an experiment given a PubChem AID: 602337
ERROR - 	-> We couldn't find an experiment given a PubChem AID: 602339
ERROR - 	-> We couldn't find an experiment given a PubChem AID: 602341
ERROR - 	-> We couldn't find an experiment given a PubChem AID: 602343
ERROR - 	-> We couldn't find an experiment given a PubChem AID: 602345
ERROR - 	-> We couldn't find an experiment given a PubChem AID: 602347
ERROR - 	-> We couldn't find an experiment given a PubChem AID: 602349
ERROR - 	-> We couldn't find an experiment given a PubChem AID: 602351
ERROR - 	-> We couldn't find an experiment given a PubChem AID: 602353
ERROR - 	-> We couldn't find an experiment given a PubChem AID: 602354
ERROR - 	-> We couldn't find an experiment given a PubChem AID: 602355
ERROR - 	-> We couldn't find an experiment given a PubChem AID: 602403
ERROR - 	-> We couldn't find an experiment given a PubChem AID: 624039
ERROR - 	-> We couldn't find an experiment given a PubChem AID: 624041
ERROR - 	-> We couldn't find an experiment given a PubChem AID: 624077
ERROR - 	-> We couldn't find an experiment given a PubChem AID: 624468
ERROR - 	-> We couldn't find an experiment given a PubChem AID: 624472
INFO - 	-> No missing experiments found
INFO - (141/784 0:07:03.688) for project 143 (AID=588433), found 5 children in the RELATION table: [AID588413, AID602428, AID602464, AID651569, AID651570]
ERROR - 	-> We couldn't find an experiment given a PubChem AID: 651569
ERROR - 	-> We couldn't find an experiment given a PubChem AID: 651570
INFO - 	-> We found the following missing project experiments: [[aid=602464]]
INFO - 	-> Adding all missing experiments to the project
INFO - (142/784 0:07:06.785) for project 25 (AID=602467), found 5 children in the RELATION table: [AID602429, AID624382, AID624383, AID624384, AID624385]
ERROR - 	-> We couldn't find an experiment given a PubChem AID: 624382
ERROR - 	-> We couldn't find an experiment given a PubChem AID: 624383
ERROR - 	-> We couldn't find an experiment given a PubChem AID: 624384
ERROR - 	-> We couldn't find an experiment given a PubChem AID: 624385
INFO - 	-> No missing experiments found
INFO - (143/784 0:07:09.991) for project 255 (AID=449775), found 38 children in the RELATION table: [AID435019, AID449762, AID449764, AID493181, AID493198, AID504335, AID504556, AID504562, AID504564, AID504640, AID504642, AID504645, AID504646, AID504682, AID504683, AID504684, AID504852, AID504853, AID504854, AID504857, AID504860, AID504897, AID504898, AID504901, AID504903, AID504909, AID504910, AID504911, AID588437, AID588441, AID588443, AID588445, AID588447, AID602431, AID602432, AID602433, AID602435, AID602437]
INFO - 	-> No missing experiments found
INFO - (144/784 0:07:14.196) for project 24 (AID=602465), found 2 children in the RELATION table: [AID602438, AID651650]
ERROR - 	-> We couldn't find an experiment given a PubChem AID: 651650
INFO - 	-> No missing experiments found
INFO - (145/784 0:07:17.053) for project 35 (AID=602488), found 9 children in the RELATION table: [AID2575, AID2582, AID434986, AID489001, AID602440, AID624319, AID624322, AID651559, AID651565]
ERROR - 	-> We couldn't find an experiment given a PubChem AID: 2575
ERROR - 	-> We couldn't find an experiment given a PubChem AID: 2582
ERROR - 	-> We couldn't find an experiment given a PubChem AID: 434986
ERROR - 	-> We couldn't find an experiment given a PubChem AID: 489001
ERROR - 	-> We couldn't find an experiment given a PubChem AID: 651559
ERROR - 	-> We couldn't find an experiment given a PubChem AID: 651565
INFO - 	-> No missing experiments found
INFO - (146/784 0:07:20.142) for project 38 (AID=602491), found 4 children in the RELATION table: [AID602449, AID624504, AID651561, AID651564]
ERROR - 	-> We couldn't find an experiment given a PubChem AID: 624504
ERROR - 	-> We couldn't find an experiment given a PubChem AID: 651561
ERROR - 	-> We couldn't find an experiment given a PubChem AID: 651564
INFO - 	-> No missing experiments found
INFO - (147/784 0:07:23.088) for project 4 (AID=624203), found 5 children in the RELATION table: [AID624169, AID624380, AID624381, AID624499, AID624503]
ERROR - 	-> We couldn't find an experiment given a PubChem AID: 624380
ERROR - 	-> We couldn't find an experiment given a PubChem AID: 624381
ERROR - 	-> We couldn't find an experiment given a PubChem AID: 624499
ERROR - 	-> We couldn't find an experiment given a PubChem AID: 624503
INFO - 	-> No missing experiments found
INFO - (148/784 0:07:26.037) for project 22 (AID=624158), found 1 children in the RELATION table: [AID624202]
INFO - 	-> No missing experiments found
INFO - (149/784 0:07:28.905) for project 85 (AID=488774), found 20 children in the RELATION table: [AID488745, AID488752, AID504599, AID504602, AID504604, AID504608, AID504631, AID504633, AID504658, AID504659, AID504661, AID504832, AID504834, AID624206, AID624328, AID624329, AID624332, AID624335, AID624336, AID624337]
ERROR - 	-> We couldn't find an experiment given a PubChem AID: 624328
ERROR - 	-> We couldn't find an experiment given a PubChem AID: 624329
ERROR - 	-> We couldn't find an experiment given a PubChem AID: 624332
ERROR - 	-> We couldn't find an experiment given a PubChem AID: 624335
ERROR - 	-> We couldn't find an experiment given a PubChem AID: 624336
ERROR - 	-> We couldn't find an experiment given a PubChem AID: 624337
INFO - 	-> No missing experiments found
INFO - (150/784 0:07:32.394) for project 8 (AID=588619), found 7 children in the RELATION table: [AID588621, AID602367, AID602372, AID602374, AID623866, AID624207, AID624241]
INFO - 	-> No missing experiments found
INFO - (151/784 0:07:35.436) for project 150 (AID=588467), found 11 children in the RELATION table: [AID588460, AID588497, AID588499, AID588501, AID602139, AID602176, AID602325, AID602328, AID624243, AID624483, AID651691]
ERROR - 	-> We couldn't find an experiment given a PubChem AID: 624483
ERROR - 	-> We couldn't find an experiment given a PubChem AID: 651691
INFO - 	-> We found the following missing project experiments: [[aid=588497], [aid=588501]]
INFO - 	-> Adding all missing experiments to the project
INFO - (152/784 0:07:38.772) for project 151 (AID=588469), found 8 children in the RELATION table: [AID588461, AID588501, AID602142, AID602178, AID602326, AID602327, AID624244, AID624483]
ERROR - 	-> We couldn't find an experiment given a PubChem AID: 624483
INFO - 	-> No missing experiments found
INFO - (153/784 0:07:41.852) for project 152 (AID=588470), found 10 children in the RELATION table: [AID588459, AID588497, AID588499, AID588501, AID602140, AID602177, AID602336, AID602338, AID624245, AID624483]
ERROR - 	-> We couldn't find an experiment given a PubChem AID: 624483
INFO - 	-> We found the following missing project experiments: [[aid=588499], [aid=588501]]
INFO - 	-> Adding all missing experiments to the project
INFO - (154/784 0:07:45.062) for project 6 (AID=624266), found 3 children in the RELATION table: [AID624246, AID651803, AID651804]
ERROR - 	-> We couldn't find an experiment given a PubChem AID: 651803
ERROR - 	-> We couldn't find an experiment given a PubChem AID: 651804
INFO - 	-> No missing experiments found
INFO - (155/784 0:07:47.929) for project 123 (AID=493125), found 9 children in the RELATION table: [AID493107, AID504467, AID624247, AID624248, AID624249, AID624250, AID624251, AID624252, AID624253]
INFO - 	-> No missing experiments found
INFO - (156/784 0:07:51.016) for project 425 (AID=624280), found 7 children in the RELATION table: [AID624255, AID651739, AID651740, AID651742, AID651744, AID651817, AID651818]
ERROR - 	-> We couldn't find an experiment given a PubChem AID: 651739
ERROR - 	-> We couldn't find an experiment given a PubChem AID: 651740
ERROR - 	-> We couldn't find an experiment given a PubChem AID: 651742
ERROR - 	-> We couldn't find an experiment given a PubChem AID: 651744
ERROR - 	-> We couldn't find an experiment given a PubChem AID: 651817
ERROR - 	-> We couldn't find an experiment given a PubChem AID: 651818
INFO - 	-> No missing experiments found
INFO - (157/784 0:07:54.124) for project 14 (AID=588701), found 5 children in the RELATION table: [AID588685, AID624256, AID651706, AID651707, AID651745]
ERROR - 	-> We couldn't find an experiment given a PubChem AID: 651706
ERROR - 	-> We couldn't find an experiment given a PubChem AID: 651707
ERROR - 	-> We couldn't find an experiment given a PubChem AID: 651745
INFO - 	-> No missing experiments found
INFO - (158/784 0:07:57.476) for project 452 (AID=504552), found 4 children in the RELATION table: [AID504582, AID540271, AID624258, AID624265]
INFO - 	-> No missing experiments found
INFO - (159/784 0:08:00.427) for project 7 (AID=624272), found 1 children in the RELATION table: [AID624263]
INFO - 	-> No missing experiments found
INFO - (160/784 0:08:03.251) for project 27 (AID=624283), found 5 children in the RELATION table: [AID624267, AID624370, AID624371, AID651552, AID651553]
ERROR - 	-> We couldn't find an experiment given a PubChem AID: 624370
ERROR - 	-> We couldn't find an experiment given a PubChem AID: 624371
ERROR - 	-> We couldn't find an experiment given a PubChem AID: 651552
ERROR - 	-> We couldn't find an experiment given a PubChem AID: 651553
INFO - 	-> No missing experiments found
INFO - (161/784 0:08:06.256) for project 26 (AID=624282), found 4 children in the RELATION table: [AID624268, AID624412, AID624413, AID651607]
ERROR - 	-> We couldn't find an experiment given a PubChem AID: 624412
ERROR - 	-> We couldn't find an experiment given a PubChem AID: 624413
ERROR - 	-> We couldn't find an experiment given a PubChem AID: 651607
INFO - 	-> No missing experiments found
INFO - (162/784 0:08:09.565) for project 445 (AID=504439), found 4 children in the RELATION table: [AID504406, AID540359, AID624157, AID624271]
INFO - 	-> No missing experiments found
INFO - (163/784 0:08:12.528) for project 418 (AID=588625), found 2 children in the RELATION table: [AID588549, AID624273]
INFO - 	-> No missing experiments found
INFO - (164/784 0:08:15.436) for project 455 (AID=588424), found 7 children in the RELATION table: [AID588391, AID602350, AID624274, AID624285, AID624310, AID624311, AID624320]
INFO - 	-> No missing experiments found
INFO - (165/784 0:08:18.738) for project 163 (AID=504743), found 6 children in the RELATION table: [AID504720, AID588481, AID588502, AID588542, AID588602, AID588603]
INFO - 	-> No missing experiments found
INFO - (166/784 0:08:21.861) for project 95 (AID=485335), found 13 children in the RELATION table: [AID485275, AID588506, AID588517, AID588518, AID588520, AID588522, AID588604, AID588606, AID588608, AID588620, AID623992, AID623994, AID623996]
INFO - 	-> No missing experiments found
INFO - (167/784 0:08:24.992) for project 259 (AID=2817), found 14 children in the RELATION table: [AID2805, AID434970, AID488783, AID488873, AID488878, AID488880, AID493133, AID493139, AID493145, AID493146, AID588605, AID588607, AID588609, AID588611]
INFO - 	-> No missing experiments found
INFO - (168/784 0:08:28.302) for project 76 (AID=488988), found 8 children in the RELATION table: [AID488979, AID540275, AID540277, AID588633, AID602331, AID623958, AID623959, AID623960]
INFO - 	-> No missing experiments found
INFO - (169/784 0:08:31.188) for project 376 (AID=2262), found 11 children in the RELATION table: [AID2156, AID493025, AID493026, AID493029, AID504837, AID504839, AID588425, AID588426, AID588531, AID588635, AID588637]
ERROR - 	-> We couldn't find an experiment given a PubChem AID: 588425
ERROR - 	-> We couldn't find an experiment given a PubChem AID: 588426
ERROR - 	-> We couldn't find an experiment given a PubChem AID: 588635
INFO - 	-> No missing experiments found
INFO - (170/784 0:08:34.192) for project 260 (AID=2818), found 14 children in the RELATION table: [AID2806, AID434971, AID488785, AID488876, AID488879, AID488906, AID493135, AID493136, AID493144, AID493148, AID588639, AID588641, AID588645, AID588647]
INFO - 	-> No missing experiments found
INFO - (171/784 0:08:37.284) for project 414 (AID=2200), found 8 children in the RELATION table: [AID1515, AID1947, AID1978, AID588585, AID588587, AID588589, AID588649, AID588651]
ERROR - 	-> We couldn't find an experiment given a PubChem AID: 588585
ERROR - 	-> We couldn't find an experiment given a PubChem AID: 588587
ERROR - 	-> We couldn't find an experiment given a PubChem AID: 588589
INFO - 	-> We found the following missing project experiments: [[aid=1515]]
INFO - 	-> Adding all missing experiments to the project
INFO - (172/784 0:08:40.524) for project 41 (AID=588669), found 10 children in the RELATION table: [AID588664, AID602124, AID602125, AID602181, AID602182, AID602397, AID602398, AID624123, AID624124, AID624303]
ERROR - 	-> We couldn't find an experiment given a PubChem AID: 602397
ERROR - 	-> We couldn't find an experiment given a PubChem AID: 602398
ERROR - 	-> We couldn't find an experiment given a PubChem AID: 624123
ERROR - 	-> We couldn't find an experiment given a PubChem AID: 624124
ERROR - 	-> We couldn't find an experiment given a PubChem AID: 624303
INFO - 	-> No missing experiments found
INFO - (173/784 0:08:43.654) for project 122 (AID=493124), found 7 children in the RELATION table: [AID493087, AID588439, AID588440, AID588442, AID588681, AID624035, AID624043]
ERROR - 	-> We couldn't find an experiment given a PubChem AID: 624035
ERROR - 	-> We couldn't find an experiment given a PubChem AID: 624043
INFO - 	-> No missing experiments found
INFO - (174/784 0:08:46.698) for project 447 (AID=504540), found 2 children in the RELATION table: [AID504523, AID588683]
INFO - 	-> No missing experiments found
INFO - (175/784 0:08:49.344) for project 336 (AID=2087), found 8 children in the RELATION table: [AID2052, AID2523, AID2810, AID485284, AID504565, AID504568, AID504864, AID504874]
INFO - 	-> No missing experiments found
INFO - (176/784 0:08:52.479) for project 92 (AID=485312), found 6 children in the RELATION table: [AID485290, AID489007, AID492989, AID492990, AID504464, AID504474]
INFO - 	-> We found the following missing project experiments: [[aid=492990]]
INFO - 	-> Adding all missing experiments to the project
INFO - (177/784 0:08:55.571) for project 48 (AID=485291), found 6 children in the RELATION table: [AID1002, AID1003, AID485294, AID485341, AID584, AID585]
INFO - 	-> We found the following missing project experiments: [[aid=1002], [aid=1003], [aid=584], [aid=585]]
INFO - 	-> Adding all missing experiments to the project
INFO - (178/784 0:08:58.779) for project 51 (AID=485296), found 1 children in the RELATION table: [AID485295]
INFO - 	-> No missing experiments found
INFO - (179/784 0:09:01.589) for project 54 (AID=463126), found 12 children in the RELATION table: [AID463104, AID485299, AID489027, AID489032, AID540306, AID540311, AID588565, AID588567, AID588569, AID588571, AID588580, AID588597]
ERROR - 	-> We couldn't find an experiment given a PubChem AID: 540306
ERROR - 	-> We couldn't find an experiment given a PubChem AID: 540311
ERROR - 	-> We couldn't find an experiment given a PubChem AID: 588565
ERROR - 	-> We couldn't find an experiment given a PubChem AID: 588567
ERROR - 	-> We couldn't find an experiment given a PubChem AID: 588569
ERROR - 	-> We couldn't find an experiment given a PubChem AID: 588571
ERROR - 	-> We couldn't find an experiment given a PubChem AID: 588580
ERROR - 	-> We couldn't find an experiment given a PubChem AID: 588597
INFO - 	-> No missing experiments found
INFO - (180/784 0:09:04.789) for project 53 (AID=463114), found 4 children in the RELATION table: [AID463096, AID540256, AID540276, AID540278]
ERROR - 	-> We couldn't find an experiment given a PubChem AID: 540278
INFO - 	-> No missing experiments found
INFO - (181/784 0:09:07.700) for project 52 (AID=463113), found 8 children in the RELATION table: [AID463097, AID493165, AID493166, AID504364, AID504806, AID504809, AID624296, AID624297]
ERROR - 	-> We couldn't find an experiment given a PubChem AID: 624296
ERROR - 	-> We couldn't find an experiment given a PubChem AID: 624297
INFO - 	-> No missing experiments found
INFO - (182/784 0:09:10.705) for project 412 (AID=2482), found 9 children in the RELATION table: [AID2435, AID2797, AID434963, AID434964, AID434969, AID434991, AID463103, AID463108, AID463125]
INFO - 	-> We found the following missing project experiments: [[aid=434964], [aid=434969], [aid=463108], [aid=463125]]
INFO - 	-> Adding all missing experiments to the project
INFO - (183/784 0:09:13.803) for project 293 (AID=1785), found 29 children in the RELATION table: [AID1778, AID1966, AID2136, AID2285, AID2344, AID2348, AID2352, AID2356, AID2357, AID2359, AID2370, AID2420, AID2478, AID2491, AID2492, AID2493, AID2495, AID2498, AID2500, AID434981, AID449737, AID463105, AID488819, AID488822, AID488826, AID488831, AID488842, AID488925, AID488935]
INFO - 	-> We found the following missing project experiments: [[aid=2344], [aid=2352], [aid=2359], [aid=2370], [aid=2492], [aid=2493], [aid=2500], [aid=449737], [aid=488822]]
INFO - 	-> Adding all missing experiments to the project
INFO - (184/784 0:09:17.879) for project 194 (AID=2440), found 35 children in the RELATION table: [AID2391, AID2410, AID449732, AID488972, AID488976, AID492966, AID492968, AID493015, AID493016, AID493088, AID493090, AID504509, AID504526, AID504655, AID504674, AID504818, AID504820, AID504823, AID504825, AID504826, AID504827, AID504829, AID504830, AID540264, AID540266, AID540320, AID540337, AID540338, AID588454, AID588455, AID588483, AID588485, AID588713, AID588791, AID602159]
ERROR - 	-> We couldn't find an experiment given a PubChem AID: 540264
ERROR - 	-> We couldn't find an experiment given a PubChem AID: 540266
ERROR - 	-> We couldn't find an experiment given a PubChem AID: 540320
ERROR - 	-> We couldn't find an experiment given a PubChem AID: 540337
ERROR - 	-> We couldn't find an experiment given a PubChem AID: 540338
ERROR - 	-> We couldn't find an experiment given a PubChem AID: 588454
ERROR - 	-> We couldn't find an experiment given a PubChem AID: 588455
ERROR - 	-> We couldn't find an experiment given a PubChem AID: 588483
ERROR - 	-> We couldn't find an experiment given a PubChem AID: 588485
ERROR - 	-> We couldn't find an experiment given a PubChem AID: 588713
ERROR - 	-> We couldn't find an experiment given a PubChem AID: 588791
ERROR - 	-> We couldn't find an experiment given a PubChem AID: 602159
INFO - 	-> No missing experiments found
INFO - (185/784 0:09:21.806) for project 354 (AID=1818), found 18 children in the RELATION table: [AID1325, AID1326, AID1451, AID1453, AID1480, AID1483, AID1689, AID1690, AID2830, AID2833, AID488973, AID488974, AID489002, AID489003, AID504476, AID504477, AID504566, AID504569]
INFO - 	-> No missing experiments found
INFO - (186/784 0:09:25.425) for project 83 (AID=488997), found 7 children in the RELATION table: [AID488975, AID493221, AID493222, AID504840, AID588401, AID602208, AID651756]
ERROR - 	-> We couldn't find an experiment given a PubChem AID: 651756
INFO - 	-> No missing experiments found
INFO - (187/784 0:09:28.509) for project 717 (AID=596), found 7 children in the RELATION table: [AID1460, AID1463, AID1468, AID911, AID937, AID956, AID991]
INFO - 	-> We found the following missing project experiments: [[aid=1460], [aid=1463], [aid=1468], [aid=911], [aid=937], [aid=956], [aid=991]]
INFO - 	-> Adding all missing experiments to the project
INFO - (188/784 0:09:31.910) for project 78 (AID=488990), found 8 children in the RELATION table: [AID488980, AID504379, AID504380, AID504384, AID504385, AID504387, AID504389, AID504812]
INFO - 	-> We found the following missing project experiments: [[aid=504389]]
INFO - 	-> Adding all missing experiments to the project
INFO - (189/784 0:09:35.078) for project 77 (AID=488989), found 4 children in the RELATION table: [AID488981, AID488982, AID488983, AID504660]
INFO - 	-> We found the following missing project experiments: [[aid=488982], [aid=488983]]
INFO - 	-> Adding all missing experiments to the project
INFO - (190/784 0:09:38.247) for project 80 (AID=488993), found 4 children in the RELATION table: [AID488981, AID488982, AID488983, AID504651]
INFO - 	-> We found the following missing project experiments: [[aid=488981], [aid=488983]]
INFO - 	-> Adding all missing experiments to the project
INFO - (191/784 0:09:41.289) for project 81 (AID=488995), found 4 children in the RELATION table: [AID488981, AID488982, AID488983, AID504652]
INFO - 	-> We found the following missing project experiments: [[aid=488981], [aid=488982]]
INFO - 	-> Adding all missing experiments to the project
INFO - (192/784 0:09:44.133) for project 367 (AID=1955), found 14 children in the RELATION table: [AID1950, AID2234, AID2292, AID2328, AID2361, AID2362, AID2377, AID2381, AID488998, AID489000, AID493077, AID493079, AID588498, AID588762]
ERROR - 	-> We couldn't find an experiment given a PubChem AID: 588762
INFO - 	-> We found the following missing project experiments: [[aid=588498]]
INFO - 	-> Adding all missing experiments to the project
INFO - (193/784 0:09:47.561) for project 103 (AID=489029), found 7 children in the RELATION table: [AID489004, AID489019, AID489020, AID489034, AID504489, AID504506, AID504512]
INFO - 	-> We found the following missing project experiments: [[aid=489034], [aid=504489], [aid=504506], [aid=504512]]
INFO - 	-> Adding all missing experiments to the project
INFO - (194/784 0:09:50.820) for project 223 (AID=435025), found 16 children in the RELATION table: [AID435022, AID449746, AID489006, AID489021, AID489022, AID489023, AID493251, AID504485, AID504508, AID504515, AID504516, AID504518, AID504528, AID504641, AID504670, AID504673]
INFO - 	-> No missing experiments found
INFO - (195/784 0:09:54.181) for project 87 (AID=488781), found 9 children in the RELATION table: [AID485348, AID488769, AID488775, AID488779, AID488780, AID488782, AID504928, AID504933, AID504934]
ERROR - 	-> We couldn't find an experiment given a PubChem AID: 504928
ERROR - 	-> We couldn't find an experiment given a PubChem AID: 504933
ERROR - 	-> We couldn't find an experiment given a PubChem AID: 504934
INFO - 	-> No missing experiments found
INFO - (196/784 0:09:57.107) for project 392 (AID=2011), found 11 children in the RELATION table: [AID2006, AID2018, AID2069, AID2614, AID2658, AID485337, AID485351, AID485374, AID485391, AID485393, AID488777]
INFO - 	-> No missing experiments found
INFO - (197/784 0:10:00.170) for project 227 (AID=2618), found 8 children in the RELATION table: [AID2563, AID488788, AID488789, AID488815, AID504397, AID588848, AID588849, AID588851]
INFO - 	-> We found the following missing project experiments: [[aid=488789], [aid=588848], [aid=588849], [aid=588851]]
INFO - 	-> Adding all missing experiments to the project
INFO - (198/784 0:10:03.342) for project 491 (AID=1908), found 56 children in the RELATION table: [AID1862, AID1867, AID1870, AID1873, AID1887, AID2016, AID2023, AID2025, AID2029, AID2066, AID2270, AID2271, AID2272, AID2273, AID2274, AID2621, AID2622, AID2623, AID2624, AID2643, AID2740, AID2742, AID2743, AID2744, AID2745, AID2757, AID488790, AID488792, AID488795, AID488801, AID488808, AID488812, AID488814, AID488818, AID488823, AID488825, AID488827, AID488829, AID504321, AID504334, AID504336, AID504338, AID504340, AID504456, AID504458, AID504461, AID504463, AID504468, AID504469, AID504470, AID504471, AID504472, AID504473, AID504478, AID504479, AID504481]
INFO - 	-> No missing experiments found
INFO - (199/784 0:10:08.064) for project 380 (AID=2290), found 7 children in the RELATION table: [AID2280, AID2459, AID2802, AID434976, AID488770, AID488797, AID488798]
INFO - 	-> No missing experiments found
